2023-11-18 08:24:20,739 [INFO] Activator:176 - 


2023-11-18 08:24:20,746 [INFO] Activator:177 - !SESSION log4j initialized
2023-11-18 08:24:28,454 [INFO] LogOutputStream:77 - [STDOUT_REDIRECT] 
2023-11-18 08:24:44,052 [INFO] ApplicationProperties:184 - Using Application install path: C:\ST\STM32CubeIDE_1.12.0\STM32CubeIDE\plugins\com.st.stm32cube.common.mx_6.8.0.202302231600
2023-11-18 08:24:44,103 [INFO] DbMcusXml:78 - Set database path to: C:\ST\STM32CubeIDE_1.12.0\STM32CubeIDE\plugins\com.st.stm32cube.common.mx_6.8.0.202302231600\\db\/mcu/
2023-11-18 08:24:44,104 [INFO] ApiDb:274 - Set plugin database path to: C:\ST\STM32CubeIDE_1.12.0\STM32CubeIDE\plugins\com.st.stm32cube.common.mx_6.8.0.202302231600\\db\/plugins/boardmanager/
2023-11-18 08:24:44,112 [WARN] ApiDb:259 - Overriding images path with different value:  => C:\ST\STM32CubeIDE_1.12.0\STM32CubeIDE\plugins\com.st.stm32cube.common.mx_6.8.0.202302231600\\db\/plugins/mcufinder/images/
2023-11-18 08:24:44,165 [INFO] ApiDb:250 - Set database path to: C:\Users\Asus\.stmcufinder\plugins\mcufinder//mcu/
2023-11-18 08:24:44,168 [INFO] DbMcusAds:125 - Set database path to: C:\Users\Asus\.stmcufinder\plugins\mcufinder//mcu/
2023-11-18 08:24:44,185 [INFO] CrossReferenceDbSqlite:203 - Set database path to: C:\Users\Asus\.stmcufinder\plugins\mcufinder//mcu/cs/
2023-11-18 08:24:44,587 [INFO] RulesReader:64 - Compatibility file has been processed (293 Rules)
2023-11-18 08:24:44,795 [INFO] DbMcusXml:78 - Set database path to: C:\ST\STM32CubeIDE_1.12.0\STM32CubeIDE\plugins\com.st.stm32cube.common.mx_6.8.0.202302231600\\db\/mcu/
2023-11-18 08:24:44,796 [INFO] ApiDb:274 - Set plugin database path to: C:\ST\STM32CubeIDE_1.12.0\STM32CubeIDE\plugins\com.st.stm32cube.common.mx_6.8.0.202302231600\\db\/plugins/boardmanager/
2023-11-18 08:24:44,796 [INFO] ApiDb:261 - Set plugin images path to: C:\ST\STM32CubeIDE_1.12.0\STM32CubeIDE\plugins\com.st.stm32cube.common.mx_6.8.0.202302231600\\db\/plugins/mcufinder/images/
2023-11-18 08:24:44,797 [WARN] DbFile:41 - Overriding database path with different value: C:\Users\Asus\.stmcufinder\plugins\mcufinder/ => C:\Users\Asus\.stmcufinder\plugins\mcufinder
2023-11-18 08:24:44,798 [INFO] ApiDb:250 - Set database path to: C:\Users\Asus\.stmcufinder\plugins\mcufinder//mcu/
2023-11-18 08:24:44,798 [WARN] DbFile:41 - Overriding database path with different value: C:\Users\Asus\.stmcufinder\plugins\mcufinder/ => C:\Users\Asus\.stmcufinder\plugins\mcufinder
2023-11-18 08:24:44,798 [INFO] DbMcusAds:125 - Set database path to: C:\Users\Asus\.stmcufinder\plugins\mcufinder//mcu/
2023-11-18 08:24:44,799 [WARN] DbFile:41 - Overriding database path with different value: C:\Users\Asus\.stmcufinder\plugins\mcufinder/ => C:\Users\Asus\.stmcufinder\plugins\mcufinder
2023-11-18 08:24:44,799 [WARN] DbFile:41 - Overriding database path with different value: C:\Users\Asus\.stmcufinder\plugins\mcufinder/ => C:\Users\Asus\.stmcufinder\plugins\mcufinder
2023-11-18 08:24:44,799 [INFO] CrossReferenceDbSqlite:203 - Set database path to: C:\Users\Asus\.stmcufinder\plugins\mcufinder//mcu/cs/
2023-11-18 08:24:45,017 [INFO] MainPanel:253 - HeapMemory: 268435456
2023-11-18 08:24:45,285 [INFO] DbMcusXml:78 - Set database path to: C:\ST\STM32CubeIDE_1.12.0\STM32CubeIDE\plugins\com.st.stm32cube.common.mx_6.8.0.202302231600\\db\/mcu/
2023-11-18 08:24:45,286 [INFO] ApiDb:274 - Set plugin database path to: C:\ST\STM32CubeIDE_1.12.0\STM32CubeIDE\plugins\com.st.stm32cube.common.mx_6.8.0.202302231600\\db\/plugins/boardmanager/
2023-11-18 08:24:45,286 [INFO] ApiDb:261 - Set plugin images path to: C:\ST\STM32CubeIDE_1.12.0\STM32CubeIDE\plugins\com.st.stm32cube.common.mx_6.8.0.202302231600\\db\/plugins/mcufinder/images/
2023-11-18 08:24:45,287 [WARN] DbFile:41 - Overriding database path with different value: C:\Users\Asus\.stmcufinder\plugins\mcufinder/ => C:\Users\Asus\.stmcufinder\plugins\mcufinder
2023-11-18 08:24:45,288 [INFO] ApiDb:250 - Set database path to: C:\Users\Asus\.stmcufinder\plugins\mcufinder//mcu/
2023-11-18 08:24:45,289 [WARN] DbFile:41 - Overriding database path with different value: C:\Users\Asus\.stmcufinder\plugins\mcufinder/ => C:\Users\Asus\.stmcufinder\plugins\mcufinder
2023-11-18 08:24:45,289 [INFO] DbMcusAds:125 - Set database path to: C:\Users\Asus\.stmcufinder\plugins\mcufinder//mcu/
2023-11-18 08:24:45,291 [WARN] DbFile:41 - Overriding database path with different value: C:\Users\Asus\.stmcufinder\plugins\mcufinder/ => C:\Users\Asus\.stmcufinder\plugins\mcufinder
2023-11-18 08:24:45,292 [WARN] DbFile:41 - Overriding database path with different value: C:\Users\Asus\.stmcufinder\plugins\mcufinder/ => C:\Users\Asus\.stmcufinder\plugins\mcufinder
2023-11-18 08:24:45,292 [INFO] CrossReferenceDbSqlite:203 - Set database path to: C:\Users\Asus\.stmcufinder\plugins\mcufinder//mcu/cs/
2023-11-18 08:24:45,349 [INFO] ApplicationProperties:184 - Using Application install path: C:\ST\STM32CubeIDE_1.12.0\STM32CubeIDE\plugins\com.st.stm32cube.common.mx_6.8.0.202302231600
2023-11-18 08:24:45,353 [INFO] PluginManage:196 - Search for loadable plugins [exclusion list=, ]
2023-11-18 08:24:45,360 [INFO] PluginManage:310 - Check plugin analytics
2023-11-18 08:24:45,719 [INFO] AnalyticsPlugin:253 - Accepted Software Licenses: 
2023-11-18 08:24:45,720 [INFO] AnalyticsPlugin:255 - Accepted CMSIS Pack Licenses: 
2023-11-18 08:24:45,721 [INFO] AnalyticsPlugin:257 - Accepted Firmware Licenses: 
2023-11-18 08:24:45,743 [INFO] PluginManage:359 - Loaded plugin analytics (category:tool,tabindex:-1)
2023-11-18 08:24:45,744 [INFO] PluginManage:310 - Check plugin cadmodel
2023-11-18 08:24:45,777 [INFO] CADModel:105 - Init CAD model plugin
2023-11-18 08:24:45,777 [INFO] PluginManage:359 - Loaded plugin cadmodel (category:power,tabindex:5)
2023-11-18 08:24:45,778 [INFO] PluginManage:310 - Check plugin clock
2023-11-18 08:24:45,820 [INFO] PluginManage:359 - Loaded plugin clock (category:base,tabindex:2)
2023-11-18 08:24:45,821 [INFO] PluginManage:310 - Check plugin ddr
2023-11-18 08:24:45,829 [INFO] PluginManage:359 - Loaded plugin ddr (category:tool,tabindex:6)
2023-11-18 08:24:45,829 [INFO] PluginManage:310 - Check plugin filemanager
2023-11-18 08:24:46,202 [INFO] PluginManage:359 - Loaded plugin filemanager (category:base,tabindex:10)
2023-11-18 08:24:46,202 [INFO] PluginManage:310 - Check plugin ipmanager
2023-11-18 08:24:46,218 [INFO] PluginManage:359 - Loaded plugin ipmanager (category:base,tabindex:5)
2023-11-18 08:24:46,219 [INFO] PluginManage:310 - Check plugin lpbam
2023-11-18 08:24:46,261 [INFO] PluginManage:359 - Loaded plugin lpbam (category:base,tabindex:0)
2023-11-18 08:24:46,262 [INFO] PluginManage:310 - Check plugin pinoutandconfiguration
2023-11-18 08:24:46,302 [INFO] PluginManage:359 - Loaded plugin pinoutandconfiguration (category:base,tabindex:1)
2023-11-18 08:24:46,302 [INFO] PluginManage:310 - Check plugin pinoutconfig
2023-11-18 08:24:46,545 [WARN] SupportedApi:132 - Cannot load RTOS API schema: s4s-elt-must-match.1: The content of 'definitions' must match (annotation?, (simpleType | complexType)?, (unique | key | keyref)*)). A problem was found starting at: attribute.
2023-11-18 08:24:47,028 [INFO] PluginManage:359 - Loaded plugin pinoutconfig (category:base,tabindex:0)
2023-11-18 08:24:47,028 [INFO] PluginManage:310 - Check plugin power
2023-11-18 08:24:47,086 [INFO] PluginManage:359 - Loaded plugin power (category:power,tabindex:4)
2023-11-18 08:24:47,086 [INFO] PluginManage:310 - Check plugin projectmanager
2023-11-18 08:24:47,146 [INFO] PluginManage:359 - Loaded plugin projectmanager (category:projectmanager,tabindex:3)
2023-11-18 08:24:47,146 [INFO] PluginManage:310 - Check plugin thirdparty
2023-11-18 08:24:47,799 [INFO] PluginManage:359 - Loaded plugin thirdparty (category:base,tabindex:-1)
2023-11-18 08:24:47,798 [WARN] IntegrityCheckThread:84 - waiting for thirdparty lock release [integrity check]
2023-11-18 08:24:47,800 [INFO] PluginManage:310 - Check plugin tools
2023-11-18 08:24:47,800 [INFO] IntegrityCheckThread:86 - entering critical section [integrity check]
2023-11-18 08:24:47,808 [INFO] ThirdPartyUpdaterWithRetryManager:70 - Updater plugin not ready yet. [1/15]
2023-11-18 08:24:47,879 [INFO] PluginManage:359 - Loaded plugin tools (category:base,tabindex:7)
2023-11-18 08:24:47,880 [INFO] PluginManage:310 - Check plugin tutovideos
2023-11-18 08:24:48,516 [INFO] PluginManage:359 - Loaded plugin tutovideos (category:base,tabindex:-1)
2023-11-18 08:24:48,516 [INFO] PluginManage:310 - Check plugin updater
2023-11-18 08:24:48,554 [INFO] PluginManage:359 - Loaded plugin updater (category:base,tabindex:12)
2023-11-18 08:24:48,556 [INFO] PluginManage:283 - PluginManage : Loaded plugins [15]
2023-11-18 08:24:49,292 [INFO] PinOutPanel:1499 - setPackage(No Configuration,No Configuration)
2023-11-18 08:24:49,464 [INFO] CADModel:165 - CPN selected for project level
2023-11-18 08:24:49,465 [INFO] CADModel:114 - Register for checkConnection events
2023-11-18 08:24:49,550 [INFO] IPUIPlugin:80 - create IPUIPlugin
2023-11-18 08:24:49,551 [INFO] PluginManager:220 - loadIPPluginJar : add adc
2023-11-18 08:24:49,633 [INFO] IPUIPlugin:80 - create IPUIPlugin
2023-11-18 08:24:49,633 [INFO] PluginManager:220 - loadIPPluginJar : add aes
2023-11-18 08:24:49,800 [INFO] IPUIPlugin:80 - create IPUIPlugin
2023-11-18 08:24:49,801 [INFO] PluginManager:220 - loadIPPluginJar : add can
2023-11-18 08:24:49,852 [INFO] IPUIPlugin:80 - create IPUIPlugin
2023-11-18 08:24:49,852 [INFO] PluginManager:220 - loadIPPluginJar : add comp
2023-11-18 08:24:49,942 [INFO] IPUIPlugin:80 - create IPUIPlugin
2023-11-18 08:24:49,943 [INFO] PluginManager:220 - loadIPPluginJar : add cryp
2023-11-18 08:24:50,083 [INFO] IPUIPlugin:80 - create IPUIPlugin
2023-11-18 08:24:50,083 [INFO] PluginManager:220 - loadIPPluginJar : add dfsdm
2023-11-18 08:24:50,126 [INFO] IPUIPlugin:80 - create IPUIPlugin
2023-11-18 08:24:50,139 [INFO] PluginManager:220 - loadIPPluginJar : add dma
2023-11-18 08:24:50,336 [INFO] IPUIPlugin:80 - create IPUIPlugin
2023-11-18 08:24:50,336 [INFO] PluginManager:220 - loadIPPluginJar : add dma3
2023-11-18 08:24:50,408 [INFO] IPUIPlugin:80 - create IPUIPlugin
2023-11-18 08:24:50,409 [INFO] PluginManager:220 - loadIPPluginJar : add fatfs
2023-11-18 08:24:50,542 [INFO] IPUIPlugin:80 - create IPUIPlugin
2023-11-18 08:24:50,543 [INFO] PluginManager:220 - loadIPPluginJar : add fmc
2023-11-18 08:24:50,584 [INFO] IPUIPlugin:80 - create IPUIPlugin
2023-11-18 08:24:50,584 [INFO] PluginManager:220 - loadIPPluginJar : add freertos
2023-11-18 08:24:50,648 [INFO] IPUIPlugin:80 - create IPUIPlugin
2023-11-18 08:24:50,649 [INFO] PluginManager:220 - loadIPPluginJar : add genericplugin
2023-11-18 08:24:50,811 [INFO] ThirdPartyUpdaterWithRetryManager:70 - Updater plugin not ready yet. [2/15]
2023-11-18 08:24:51,007 [INFO] IPUIPlugin:80 - create IPUIPlugin
2023-11-18 08:24:51,008 [INFO] PluginManager:220 - loadIPPluginJar : add gfxmmu
2023-11-18 08:24:51,442 [INFO] IPUIPlugin:80 - create IPUIPlugin
2023-11-18 08:24:51,442 [INFO] PluginManager:220 - loadIPPluginJar : add gic
2023-11-18 08:24:51,495 [INFO] IPUIPlugin:80 - create IPUIPlugin
2023-11-18 08:24:51,495 [INFO] PluginManager:220 - loadIPPluginJar : add gpio
2023-11-18 08:24:51,797 [INFO] IPUIPlugin:80 - create IPUIPlugin
2023-11-18 08:24:51,798 [INFO] PluginManager:220 - loadIPPluginJar : add gtzc
2023-11-18 08:24:51,902 [INFO] IPUIPlugin:80 - create IPUIPlugin
2023-11-18 08:24:51,903 [INFO] PluginManager:220 - loadIPPluginJar : add hash
2023-11-18 08:24:52,066 [INFO] IPUIPlugin:80 - create IPUIPlugin
2023-11-18 08:24:52,067 [INFO] PluginManager:220 - loadIPPluginJar : add i2c
2023-11-18 08:24:52,193 [INFO] IPUIPlugin:80 - create IPUIPlugin
2023-11-18 08:24:52,193 [INFO] PluginManager:220 - loadIPPluginJar : add i2s
2023-11-18 08:24:52,313 [ERROR] LogOutputStream:75 - [STDERR_REDIRECT] SLF4J: Failed to load class "org.slf4j.impl.StaticLoggerBinder".
2023-11-18 08:24:52,314 [ERROR] LogOutputStream:75 - [STDERR_REDIRECT] SLF4J: Defaulting to no-operation (NOP) logger implementation
2023-11-18 08:24:52,317 [ERROR] LogOutputStream:75 - [STDERR_REDIRECT] SLF4J: See http://www.slf4j.org/codes.html#StaticLoggerBinder for further details.
2023-11-18 08:24:52,334 [INFO] IPUIPlugin:80 - create IPUIPlugin
2023-11-18 08:24:52,334 [INFO] PluginManager:220 - loadIPPluginJar : add i3c
2023-11-18 08:24:52,647 [INFO] IPUIPlugin:80 - create IPUIPlugin
2023-11-18 08:24:52,648 [INFO] PluginManager:220 - loadIPPluginJar : add ipddr
2023-11-18 08:24:52,928 [INFO] IPUIPlugin:80 - create IPUIPlugin
2023-11-18 08:24:52,928 [INFO] PluginManager:220 - loadIPPluginJar : add linkedlist
2023-11-18 08:24:52,995 [INFO] IPUIPlugin:80 - create IPUIPlugin
2023-11-18 08:24:52,995 [INFO] PluginManager:220 - loadIPPluginJar : add lorawan
2023-11-18 08:24:53,135 [INFO] IPUIPlugin:80 - create IPUIPlugin
2023-11-18 08:24:53,136 [INFO] PluginManager:220 - loadIPPluginJar : add ltdc
2023-11-18 08:24:53,193 [INFO] IPUIPlugin:80 - create IPUIPlugin
2023-11-18 08:24:53,194 [INFO] PluginManager:220 - loadIPPluginJar : add mdma
2023-11-18 08:24:53,228 [INFO] IPUIPlugin:80 - create IPUIPlugin
2023-11-18 08:24:53,229 [INFO] PluginManager:220 - loadIPPluginJar : add nvic
2023-11-18 08:24:53,318 [INFO] IPUIPlugin:80 - create IPUIPlugin
2023-11-18 08:24:53,319 [INFO] PluginManager:220 - loadIPPluginJar : add opamp
2023-11-18 08:24:53,488 [INFO] IPUIPlugin:80 - create IPUIPlugin
2023-11-18 08:24:53,488 [INFO] PluginManager:220 - loadIPPluginJar : add openamp
2023-11-18 08:24:53,612 [INFO] IPUIPlugin:80 - create IPUIPlugin
2023-11-18 08:24:53,613 [INFO] PluginManager:220 - loadIPPluginJar : add pdm2pcm
2023-11-18 08:24:53,652 [INFO] IPUIPlugin:80 - create IPUIPlugin
2023-11-18 08:24:53,665 [INFO] PluginManager:220 - loadIPPluginJar : add plateformsettings
2023-11-18 08:24:53,715 [INFO] IPUIPlugin:80 - create IPUIPlugin
2023-11-18 08:24:53,716 [INFO] PluginManager:220 - loadIPPluginJar : add quadspi
2023-11-18 08:24:53,754 [INFO] IPUIPlugin:80 - create IPUIPlugin
2023-11-18 08:24:53,757 [INFO] PluginManager:220 - loadIPPluginJar : add resmgrutility
2023-11-18 08:24:53,823 [INFO] ThirdPartyUpdaterWithRetryManager:70 - Updater plugin not ready yet. [3/15]
2023-11-18 08:24:53,876 [INFO] IPUIPlugin:80 - create IPUIPlugin
2023-11-18 08:24:53,876 [INFO] PluginManager:220 - loadIPPluginJar : add sai
2023-11-18 08:24:53,977 [INFO] IPUIPlugin:80 - create IPUIPlugin
2023-11-18 08:24:53,978 [INFO] PluginManager:220 - loadIPPluginJar : add spi
2023-11-18 08:24:54,127 [INFO] IPUIPlugin:80 - create IPUIPlugin
2023-11-18 08:24:54,128 [INFO] PluginManager:220 - loadIPPluginJar : add stm32_wpan
2023-11-18 08:24:54,207 [INFO] IPUIPlugin:80 - create IPUIPlugin
2023-11-18 08:24:54,208 [INFO] PluginManager:220 - loadIPPluginJar : add tim
2023-11-18 08:24:54,408 [INFO] IPUIPlugin:80 - create IPUIPlugin
2023-11-18 08:24:54,408 [INFO] PluginManager:220 - loadIPPluginJar : add touchsensing
2023-11-18 08:24:54,511 [INFO] IPUIPlugin:80 - create IPUIPlugin
2023-11-18 08:24:54,512 [INFO] PluginManager:220 - loadIPPluginJar : add tracer_emb
2023-11-18 08:24:54,580 [INFO] IPUIPlugin:80 - create IPUIPlugin
2023-11-18 08:24:54,580 [INFO] PluginManager:220 - loadIPPluginJar : add ts
2023-11-18 08:24:54,657 [INFO] IPUIPlugin:80 - create IPUIPlugin
2023-11-18 08:24:54,657 [INFO] PluginManager:220 - loadIPPluginJar : add tsc
2023-11-18 08:24:54,727 [INFO] IPUIPlugin:80 - create IPUIPlugin
2023-11-18 08:24:54,727 [INFO] PluginManager:220 - loadIPPluginJar : add ucpd
2023-11-18 08:24:54,826 [INFO] IPUIPlugin:80 - create IPUIPlugin
2023-11-18 08:24:54,826 [INFO] PluginManager:220 - loadIPPluginJar : add usart
2023-11-18 08:24:54,934 [INFO] IPUIPlugin:80 - create IPUIPlugin
2023-11-18 08:24:54,935 [INFO] PluginManager:220 - loadIPPluginJar : add usbx
2023-11-18 08:24:55,214 [INFO] CADModel:165 - CPN selected for project level
2023-11-18 08:24:55,214 [INFO] CADModel:114 - Register for checkConnection events
2023-11-18 08:24:55,215 [FATAL] Updater:308 - Updater called before beeing initialized
2023-11-18 08:24:55,215 [ERROR] CADModel:125 - Updater not yet initialized, retry later 
2023-11-18 08:24:55,733 [INFO] CADModel:165 - CPN selected for project level
2023-11-18 08:24:55,735 [INFO] CADModel:114 - Register for checkConnection events
2023-11-18 08:24:55,735 [FATAL] Updater:308 - Updater called before beeing initialized
2023-11-18 08:24:55,735 [ERROR] CADModel:125 - Updater not yet initialized, retry later 
2023-11-18 08:24:55,748 [FATAL] Updater:308 - Updater called before beeing initialized
2023-11-18 08:24:56,029 [FATAL] Updater:308 - Updater called before beeing initialized
2023-11-18 08:24:56,067 [INFO] DbMcusAds:53 - JSON generation date=Tue Mar 07 15:50:55 ICT 2023 (1678179055114)
2023-11-18 08:24:56,067 [FATAL] Updater:308 - Updater called before beeing initialized
2023-11-18 08:24:56,313 [WARN] DetailPanel:346 - Failed to get advertising image, set to default
2023-11-18 08:24:56,688 [FATAL] Updater:308 - Updater called before beeing initialized
2023-11-18 08:24:56,697 [FATAL] Updater:308 - Updater called before beeing initialized
2023-11-18 08:24:56,698 [FATAL] Updater:308 - Updater called before beeing initialized
2023-11-18 08:24:56,698 [WARN] DetailPanel:346 - Failed to get advertising image, set to default
2023-11-18 08:24:56,701 [FATAL] Updater:308 - Updater called before beeing initialized
2023-11-18 08:24:56,840 [INFO] ThirdPartyUpdaterWithRetryManager:70 - Updater plugin not ready yet. [4/15]
2023-11-18 08:24:56,969 [ERROR] Updater:1120 - MainUpdater not yet initialized. External WinMGr cannot be set.
2023-11-18 08:24:57,001 [INFO] Updater:1056 - Updater Version found : 6.8.0
2023-11-18 08:24:57,058 [INFO] ApplicationProperties:184 - Using Application install path: C:\ST\STM32CubeIDE_1.12.0\STM32CubeIDE\plugins\com.st.stm32cube.common.mx_6.8.0.202302231600
2023-11-18 08:24:57,825 [INFO] MainUpdater:2854 - connection check result : 10
2023-11-18 08:24:57,826 [INFO] MainUpdater:3548 - Updater definition file requires update
2023-11-18 08:24:57,828 [INFO] MainUpdater:283 - Updater Check For Update Now.
2023-11-18 08:24:57,829 [INFO] MicroXplorer:498 - Change Database Version : DB.6.0.80
2023-11-18 08:24:57,896 [INFO] ServerAccessManage:473 - Download File updaters.zip
2023-11-18 08:24:58,163 [INFO] FileExtend:240 - Unzip File : updaters.zip
2023-11-18 08:24:58,164 [INFO] FileExtend:255 - Standard Zip Deflate
2023-11-18 08:24:59,399 [INFO] ServerAccessManage:473 - Download File PacksControlFlags.xml
2023-11-18 08:24:59,588 [INFO] ServerAccessManage:473 - Download File cubemx.pidx
2023-11-18 08:24:59,858 [WARN] MainUpdater:1187 - Updater busy. Cannot search thirdparties
2023-11-18 08:24:59,859 [INFO] ThirdPartyUpdaterWithRetryManager:96 - Updater plugin is busy. [1/15]
2023-11-18 08:25:01,051 [INFO] ServerAccessManage:473 - Download File STMicroelectronics.FP-SNS-MOTENVWB1.pdsc
2023-11-18 08:25:02,826 [INFO] ServerAccessManage:473 - Download File STMicroelectronics.X-CUBE-BLEMGR.pdsc
2023-11-18 08:25:02,866 [WARN] MainUpdater:1187 - Updater busy. Cannot search thirdparties
2023-11-18 08:25:02,867 [INFO] ThirdPartyUpdaterWithRetryManager:96 - Updater plugin is busy. [2/15]
2023-11-18 08:25:05,872 [WARN] MainUpdater:1187 - Updater busy. Cannot search thirdparties
2023-11-18 08:25:05,873 [INFO] ThirdPartyUpdaterWithRetryManager:96 - Updater plugin is busy. [3/15]
2023-11-18 08:25:08,874 [WARN] MainUpdater:1187 - Updater busy. Cannot search thirdparties
2023-11-18 08:25:08,875 [INFO] ThirdPartyUpdaterWithRetryManager:96 - Updater plugin is busy. [4/15]
2023-11-18 08:25:09,780 [ERROR] ServerAccessManage:1096 - Problem, Http access forbiden
2023-11-18 08:25:09,782 [ERROR] ServerAccessManage:651 - Problem, Http access forbiden : RoweBots.I-CUBE-UNISONRTOS.pdsc.
2023-11-18 08:25:10,498 [WARN] PackLoader:240 - Cannot read IP mode file for STMicroelectronics.FP-SNS-MOTENVWB1.1.3.0
2023-11-18 08:25:10,584 [WARN] PackLoader:240 - Cannot read IP mode file for STMicroelectronics.X-CUBE-BLEMGR.3.0.0
2023-11-18 08:25:10,608 [INFO] PopulateThirdPartyThread:66 - Ending populate Thread
2023-11-18 08:25:10,626 [INFO] ThirdParty:1030 - CMSIS Pack Vendor :STMicroelectronics FP-SNS-MOTENVWB1 1.3.0
2023-11-18 08:25:10,626 [INFO] ThirdParty:1030 - CMSIS Pack Vendor :STMicroelectronics X-CUBE-BLEMGR 3.0.0
2023-11-18 08:25:10,627 [INFO] LoadServerUpdatesThread:373 - End of LoadServerUpdate Thread
2023-11-18 08:25:10,746 [INFO] CheckServerUpdateThread:120 - End of CheckServer Thread
2023-11-18 08:25:10,764 [INFO] MainUpdater:2854 - connection check result : 10
2023-11-18 08:25:10,848 [INFO] McuFinderGlobals:66 - Set McuFinderConnectedMode to true
2023-11-18 08:25:11,265 [INFO] ServerAccessManage:473 - Download File mcusAds.json._tmp_
2023-11-18 08:25:11,403 [INFO] LoadUrlFilesThread:156 - End of LoadUrlFiles Thread
2023-11-18 08:25:11,622 [INFO] ServerAccessManage:473 - Download File cube-finder-db.zip
2023-11-18 08:25:11,886 [WARN] MainUpdater:1187 - Updater busy. Cannot search thirdparties
2023-11-18 08:25:11,886 [INFO] ThirdPartyUpdaterWithRetryManager:96 - Updater plugin is busy. [5/15]
2023-11-18 08:25:14,894 [WARN] MainUpdater:1187 - Updater busy. Cannot search thirdparties
2023-11-18 08:25:14,894 [INFO] ThirdPartyUpdaterWithRetryManager:96 - Updater plugin is busy. [6/15]
2023-11-18 08:25:17,150 [INFO] FileExtend:240 - Unzip File : cube-finder-db.zip
2023-11-18 08:25:17,152 [INFO] FileExtend:255 - Standard Zip Deflate
2023-11-18 08:25:17,905 [WARN] MainUpdater:1187 - Updater busy. Cannot search thirdparties
2023-11-18 08:25:17,906 [INFO] ThirdPartyUpdaterWithRetryManager:96 - Updater plugin is busy. [7/15]
2023-11-18 08:25:19,042 [INFO] LoadUrlFilesThread:156 - End of LoadUrlFiles Thread
2023-11-18 08:25:20,611 [INFO] ServerAccessManage:473 - Download File crdb.zip
2023-11-18 08:25:20,920 [WARN] MainUpdater:1187 - Updater busy. Cannot search thirdparties
2023-11-18 08:25:20,921 [INFO] ThirdPartyUpdaterWithRetryManager:96 - Updater plugin is busy. [8/15]
2023-11-18 08:25:21,886 [INFO] FileExtend:240 - Unzip File : crdb.zip
2023-11-18 08:25:21,887 [INFO] FileExtend:255 - Standard Zip Deflate
2023-11-18 08:25:22,117 [INFO] LoadUrlFilesThread:156 - End of LoadUrlFiles Thread
2023-11-18 08:25:22,344 [INFO] ServerAccessManage:473 - Download File tutoVideoDB.zip
2023-11-18 08:25:22,394 [INFO] FileExtend:240 - Unzip File : tutoVideoDB.zip
2023-11-18 08:25:22,395 [INFO] FileExtend:255 - Standard Zip Deflate
2023-11-18 08:25:22,555 [INFO] LoadUrlFilesThread:156 - End of LoadUrlFiles Thread
2023-11-18 08:25:22,576 [WARN] DbFile:41 - Overriding database path with different value: C:\Users\Asus\.stmcufinder\plugins\mcufinder/ => C:\Users\Asus\.stmcufinder\plugins\mcufinder
2023-11-18 08:25:22,660 [INFO] ServerAccessManage:473 - Download File api_config.json
2023-11-18 08:25:22,781 [INFO] LoadUrlFilesThread:156 - End of LoadUrlFiles Thread
2023-11-18 08:25:22,785 [INFO] DbMcusAds:53 - JSON generation date=Tue Mar 07 15:50:55 ICT 2023 (1678179055335)
2023-11-18 08:25:22,846 [INFO] LoadUrlFilesThread:185 - End of LoadServerUrlFiles without Thread
2023-11-18 08:25:22,846 [INFO] TargetSelectorAdapter:259 - Refresh data is successful
2023-11-18 08:25:23,395 [INFO] ApiDb:581 - Connected to CubeFinder SQLite database (C:\Users\Asus\.stmcufinder\plugins\mcufinder\mcu\cube-finder-db.db)
2023-11-18 08:25:23,518 [INFO] ApiDb:668 - CubeFinder database Data Model version=2.1
2023-11-18 08:25:23,520 [INFO] ApiDb:669 - CubeFinder database Configuration version=3.0.37
2023-11-18 08:25:23,521 [INFO] ApiDb:670 - CubeFinder database generation date=2023-10-13 (1697197505)
2023-11-18 08:25:23,522 [INFO] ApiDb:671 - CubeFinder database FW Pack versions=[FP-ATR-ASTRA1_V2.0.0, FP-SNS-FLIGHT1_V5.0.1, FP-SNS-FLIGHT1_V5.0.2, FP-SNS-MOTENV1_V4.3.1, FP-SNS-MOTENV1_V4.3.2, FP-SNS-SMARTAG2_V1.2.0, I-CUBE-ITTIADB_V8.6.3-1, STM32Cube_FW_C0_V1.1.0, STM32Cube_FW_F4_V1.27.1, STM32Cube_FW_F7_V1.17.0, STM32Cube_FW_G0_V1.6.1, STM32Cube_FW_G4_V1.5.1, STM32Cube_FW_H5_V0.5.1, STM32Cube_FW_H5_V1.1.1, STM32Cube_FW_H7_V1.11.0, STM32Cube_FW_L0_V1.12.2, STM32Cube_FW_L5_V1.5.0, STM32Cube_FW_U5_V1.3.0, STM32Cube_FW_U5_V1.3.0RC4, STM32Cube_FW_WBA_V1.0.0RC1, STM32Cube_FW_WBA_V1.1.0RC1, STM32Cube_FW_WBA_V1.1.1, STM32Cube_FW_WB_V1.15.0RC1, STM32Cube_FW_WB_V1.16.0, STM32Cube_FW_WB_V1.16.0RC2, STM32Cube_FW_WB_V1.17.3, STM32Cube_FW_WL_V1.3.0, X-CUBE-ALGOBUILD_V1.3.0, X-CUBE-ALS_V1.0.1, X-CUBE-AZRTOS-F4_V1.1.0, X-CUBE-AZRTOS-F7_V1.1.0, X-CUBE-AZRTOS-G0_V1.1.0, X-CUBE-AZRTOS-G4_V2.0.0, X-CUBE-AZRTOS-H7_V3.1.0, X-CUBE-AZRTOS-L4_V1.0.0, X-CUBE-AZRTOS-L4_V2.0.0, X-CUBE-AZRTOS-L5_V1.1.0, X-CUBE-AZRTOS-WB_V2.0.0, X-CUBE-AZRTOS-WL_V2.0.0, X-CUBE-BLE1_V7.0.0, X-CUBE-BLE2_V3.3.0, X-CUBE-BLEMGR_V2.0.0, X-CUBE-EEPRMA1_V4.1.0, X-CUBE-FREERTOS_V1.1.0, X-CUBE-GNSS1_V6.0.0, X-CUBE-MEMS1_V10.0.0, X-CUBE-MEMS1_V9.1.0, X-CUBE-MEMS1_V9.4.0, X-CUBE-MEMS1_V9.6.0, X-CUBE-NFC4_V3.0.0, X-CUBE-NFC7_V1.0.1, X-CUBE-SFXS2LP1_V4.0.0, X-CUBE-SUBG2_V5.0.0, X-CUBE-TOF1_V3.3.1]
2023-11-18 08:25:24,442 [WARN] PackLoader:240 - Cannot read IP mode file for STMicroelectronics.X-CUBE-SMBUS.2.1.0
2023-11-18 08:25:24,572 [WARN] PackLoader:240 - Cannot read IP mode file for STMicroelectronics.X-CUBE-AZRTOS-F7.1.1.0
2023-11-18 08:25:24,628 [WARN] PackLoader:240 - Cannot read IP mode file for STMicroelectronics.FP-SNS-MOTENV1.4.3.2
2023-11-18 08:25:24,674 [WARN] PackLoader:240 - Cannot read IP mode file for STMicroelectronics.X-CUBE-BLE1.6.2.4
2023-11-18 08:25:24,685 [WARN] PackLoader:240 - Cannot read IP mode file for STMicroelectronics.FP-SNS-FLIGHT1.5.0.2
2023-11-18 08:25:24,735 [WARN] PackLoader:240 - Cannot read IP mode file for STMicroelectronics.X-CUBE-DISPLAY.3.0.0
2023-11-18 08:25:24,791 [WARN] PackLoader:240 - Cannot read IP mode file for STMicroelectronics.X-CUBE-BLE1.7.0.0
2023-11-18 08:25:24,829 [WARN] PackLoader:240 - Cannot read IP mode file for STMicroelectronics.X-CUBE-TOUCHGFX.4.22.1
2023-11-18 08:25:24,864 [WARN] PackLoader:240 - Cannot read IP mode file for STMicroelectronics.FP-SNS-SMARTAG2.1.2.0
2023-11-18 08:25:24,915 [INFO] LogOutputStream:77 - [STDOUT_REDIRECT] 1 : Invalid condition id : UX_CORESTACK_Condition cause : null
2023-11-18 08:25:24,920 [INFO] LogOutputStream:77 - [STDOUT_REDIRECT] 1 : Invalid condition id : UX_CORESTACK_Condition cause : null
2023-11-18 08:25:24,923 [INFO] LogOutputStream:77 - [STDOUT_REDIRECT] 1 : Invalid condition id : UX_CORESTACK_Condition cause : null
2023-11-18 08:25:24,924 [INFO] LogOutputStream:77 - [STDOUT_REDIRECT] 1 : Invalid condition id : UX_CORESTACK_Condition cause : null
2023-11-18 08:25:24,925 [INFO] LogOutputStream:77 - [STDOUT_REDIRECT] 1 : Invalid condition id : UX_CORESTACK_Condition cause : null
2023-11-18 08:25:24,931 [WARN] PackLoader:240 - Cannot read IP mode file for STMicroelectronics.X-CUBE-AZRTOS-WL.2.0.0
2023-11-18 08:25:24,980 [WARN] PackLoader:240 - Cannot read IP mode file for WES.I-CUBE-Cesium.1.3.0
2023-11-18 08:25:25,021 [WARN] PackLoader:240 - Cannot read IP mode file for STMicroelectronics.X-CUBE-BLE2.3.3.0
2023-11-18 08:25:25,056 [WARN] PackLoader:240 - Cannot read IP mode file for STMicroelectronics.X-CUBE-TOUCHGFX.4.21.3
2023-11-18 08:25:25,092 [WARN] PackLoader:240 - Cannot read IP mode file for STMicroelectronics.X-CUBE-ALGOBUILD.1.3.0
2023-11-18 08:25:25,180 [WARN] PackLoader:240 - Cannot read IP mode file for STMicroelectronics.X-CUBE-AZRTOS-G0.1.1.0
2023-11-18 08:25:25,226 [WARN] PackLoader:240 - Cannot read IP mode file for STMicroelectronics.X-CUBE-NFC4.3.0.0
2023-11-18 08:25:25,258 [WARN] PackLoader:240 - Cannot read IP mode file for STMicroelectronics.X-CUBE-BLEMGR.3.0.0
2023-11-18 08:25:25,279 [WARN] PackLoader:240 - Cannot read IP mode file for STMicroelectronics.FP-ATR-SIGFOX1.3.2.0
2023-11-18 08:25:25,421 [WARN] PackLoader:240 - Cannot read IP mode file for SEGGER.I-CUBE-embOS.1.3.1
2023-11-18 08:25:25,577 [WARN] PackLoader:240 - Cannot read IP mode file for STMicroelectronics.X-CUBE-GNSS1.6.0.0
2023-11-18 08:25:25,658 [WARN] PackLoader:240 - Cannot read IP mode file for STMicroelectronics.X-CUBE-AZRTOS-F4.1.1.0
2023-11-18 08:25:25,698 [WARN] PackLoader:240 - Cannot read IP mode file for wolfSSL.I-CUBE-wolfSSL.5.6.0
2023-11-18 08:25:25,788 [WARN] PackLoader:240 - Cannot read IP mode file for STMicroelectronics.X-CUBE-AZRTOS-L5.2.0.0
2023-11-18 08:25:25,954 [WARN] PackLoader:240 - Cannot read IP mode file for STMicroelectronics.X-CUBE-MEMS1.9.6.0
2023-11-18 08:25:26,730 [WARN] PackLoader:240 - Cannot read IP mode file for STMicroelectronics.X-CUBE-EEPRMA1.4.2.0
2023-11-18 08:25:26,764 [WARN] PackLoader:240 - Cannot read IP mode file for ITTIA_DB.I-CUBE-ITTIADB.8.8.0
2023-11-18 08:25:26,810 [WARN] PackLoader:240 - Cannot read IP mode file for emotas.I-CUBE-CANOPEN.1.1.3
2023-11-18 08:25:26,856 [WARN] PackLoader:240 - Cannot read IP mode file for STMicroelectronics.X-CUBE-BLEMGR.2.0.0
2023-11-18 08:25:26,954 [WARN] ConditionMgr:438 - getConditionDescription Invalid condition id : UX DEVICE CLASS RTOS Condition cause : null
2023-11-18 08:25:26,955 [WARN] ConditionMgr:438 - getConditionDescription Invalid condition id : UX DEVICE CLASS RTOS Condition cause : null
2023-11-18 08:25:26,964 [WARN] PackLoader:240 - Cannot read IP mode file for STMicroelectronics.X-CUBE-AZRTOS-H7.3.1.0
2023-11-18 08:25:26,970 [WARN] ConditionMgr:1039 - genDependencies : Invalid condition id : UX DEVICE CLASS RTOS Condition cause : null
2023-11-18 08:25:26,971 [WARN] ConditionMgr:1039 - genDependencies : Invalid condition id : UX DEVICE CLASS RTOS Condition cause : null
2023-11-18 08:25:26,974 [WARN] ConditionMgr:1039 - genDependencies : Invalid condition id : UX DEVICE CLASS RTOS Condition cause : null
2023-11-18 08:25:26,975 [WARN] ConditionMgr:1039 - genDependencies : Invalid condition id : UX DEVICE CLASS RTOS Condition cause : null
2023-11-18 08:25:26,976 [WARN] ConditionMgr:1039 - genDependencies : Invalid condition id : UX DEVICE CLASS RTOS Condition cause : null
2023-11-18 08:25:27,019 [WARN] PackLoader:240 - Cannot read IP mode file for STMicroelectronics.X-CUBE-NFC7.1.0.1
2023-11-18 08:25:27,062 [WARN] PackLoader:240 - Cannot read IP mode file for STMicroelectronics.X-CUBE-NFC7.1.0.0
2023-11-18 08:25:27,115 [WARN] PackLoader:240 - Cannot read IP mode file for STMicroelectronics.X-CUBE-NFC6.3.0.0
2023-11-18 08:25:27,162 [WARN] PackLoader:240 - Cannot read IP mode file for STMicroelectronics.X-CUBE-EEPRMA1.4.1.0
2023-11-18 08:25:27,210 [WARN] PackLoader:240 - Cannot read IP mode file for STMicroelectronics.X-CUBE-AI.8.1.0
2023-11-18 08:25:27,295 [WARN] ConditionMgr:438 - getConditionDescription Invalid condition id : LAN8742 Phy interface Condition cause : null
2023-11-18 08:25:27,296 [WARN] PackLoader:240 - Cannot read IP mode file for STMicroelectronics.X-CUBE-AZRTOS-L4.2.0.0
2023-11-18 08:25:27,301 [WARN] ConditionMgr:1039 - genDependencies : Invalid condition id : LAN8742 Phy interface Condition cause : null
2023-11-18 08:25:27,303 [WARN] ConditionMgr:1039 - genDependencies : Invalid condition id : LAN8742 Phy interface Condition cause : null
2023-11-18 08:25:27,307 [WARN] ConditionMgr:1039 - genDependencies : Invalid condition id : LAN8742 Phy interface Condition cause : null
2023-11-18 08:25:27,357 [WARN] PackLoader:240 - Cannot read IP mode file for STMicroelectronics.X-CUBE-SFXS2LP1.4.0.0
2023-11-18 08:25:27,399 [WARN] PackLoader:240 - Cannot read IP mode file for STMicroelectronics.X-CUBE-ISPU.1.1.0
2023-11-18 08:25:27,438 [WARN] PackLoader:240 - Cannot read IP mode file for STMicroelectronics.X-CUBE-AI.8.0.0
2023-11-18 08:25:27,507 [WARN] ConditionMgr:438 - getConditionDescription Invalid condition id : UX DEVICE CLASS RTOS Condition cause : null
2023-11-18 08:25:27,508 [WARN] ConditionMgr:438 - getConditionDescription Invalid condition id : UX DEVICE CLASS RTOS Condition cause : null
2023-11-18 08:25:27,517 [WARN] PackLoader:240 - Cannot read IP mode file for STMicroelectronics.X-CUBE-AZRTOS-WB.2.0.0
2023-11-18 08:25:27,523 [WARN] ConditionMgr:1039 - genDependencies : Invalid condition id : UX DEVICE CLASS RTOS Condition cause : null
2023-11-18 08:25:27,524 [WARN] ConditionMgr:1039 - genDependencies : Invalid condition id : UX DEVICE CLASS RTOS Condition cause : null
2023-11-18 08:25:27,526 [WARN] ConditionMgr:1039 - genDependencies : Invalid condition id : UX DEVICE CLASS RTOS Condition cause : null
2023-11-18 08:25:27,527 [WARN] ConditionMgr:1039 - genDependencies : Invalid condition id : UX DEVICE CLASS RTOS Condition cause : null
2023-11-18 08:25:27,527 [WARN] ConditionMgr:1039 - genDependencies : Invalid condition id : UX DEVICE CLASS RTOS Condition cause : null
2023-11-18 08:25:27,572 [WARN] PackLoader:240 - Cannot read IP mode file for STMicroelectronics.X-CUBE-FREERTOS.1.0.1
2023-11-18 08:25:27,656 [WARN] PackLoader:240 - Cannot read IP mode file for STMicroelectronics.X-CUBE-AZRTOS-L5.1.1.0
2023-11-18 08:25:27,725 [WARN] PackLoader:240 - Cannot read IP mode file for STMicroelectronics.X-CUBE-SUBG2.5.0.0
2023-11-18 08:25:27,783 [WARN] PackLoader:240 - Cannot read IP mode file for STMicroelectronics.X-CUBE-TOF1.3.3.1
2023-11-18 08:25:27,897 [WARN] PackLoader:240 - Cannot read IP mode file for STMicroelectronics.X-CUBE-AZRTOS-G4.2.0.0
2023-11-18 08:25:27,958 [WARN] PackLoader:240 - Cannot read IP mode file for STMicroelectronics.X-CUBE-TOF1.3.3.0
2023-11-18 08:25:28,041 [WARN] PackLoader:240 - Cannot read IP mode file for Infineon.AIROC-Wi-Fi-Bluetooth-STM32.1.5.1
2023-11-18 08:25:28,060 [WARN] PackLoader:240 - Cannot read IP mode file for STMicroelectronics.FP-SNS-MOTENVWB1.1.3.0
2023-11-18 08:25:28,128 [WARN] PackLoader:240 - Cannot read IP mode file for STMicroelectronics.X-CUBE-AZRTOS-L4.1.0.0
2023-11-18 08:25:28,267 [WARN] PackLoader:240 - Cannot read IP mode file for STMicroelectronics.X-CUBE-MEMS1.10.0.0
2023-11-18 08:25:28,706 [WARN] PackLoader:240 - Cannot read IP mode file for STMicroelectronics.X-CUBE-FREERTOS.1.1.0
2023-11-18 08:25:28,761 [WARN] PackLoader:240 - Cannot read IP mode file for STMicroelectronics.X-CUBE-AZRTOS-WL.1.0.0
2023-11-18 08:25:28,794 [WARN] PackLoader:240 - Cannot read IP mode file for portGmbH.I-Cube-SoM-uGOAL.1.1.0
2023-11-18 08:25:28,812 [WARN] PackLoader:240 - Cannot read IP mode file for STMicroelectronics.X-CUBE-ALS.1.0.1
2023-11-18 08:25:28,877 [WARN] PackLoader:240 - Cannot read IP mode file for STMicroelectronics.X-CUBE-AZRTOS-WB.1.1.0
2023-11-18 08:25:28,892 [WARN] PackLoader:240 - Cannot read IP mode file for STMicroelectronics.FP-ATR-ASTRA1.2.0.0
2023-11-18 08:25:28,894 [INFO] ThirdParty:978 - Integrity check success = true
2023-11-18 08:25:28,895 [INFO] IntegrityCheckThread:100 - exiting critical section [integrity check]
2023-11-18 08:25:28,895 [INFO] IntegrityCheckThread:103 - End integrity checks thread
2023-11-18 08:25:30,206 [INFO] ApiDb:240 - Found 297 in-development CPN: [B-G473E-ZEST1S, B-WB1M-WPAN1, B-WL5M-SUBG1, NUCLEO-C031C6, NUCLEO-H503RB, NUCLEO-H563ZI, NUCLEO-U545RE-Q, NUCLEO-U5A5ZJ-Q, NUCLEO-WBA52CG, STEVAL-PROTEUS1, STEVAL-STWINBX1, STM320518-EVAL, STM32C0116-DK, STM32C011D6Y3TR, STM32C011D6Y6TR, STM32C011F4P3, STM32C011F4P6, STM32C011F4U3, STM32C011F4U6TR, STM32C011F6P3, STM32C011F6P6, STM32C011F6U3, STM32C011F6U6TR, STM32C011J4M3, STM32C011J4M6, STM32C011J6M3, STM32C011J6M6, STM32C0316-DK, STM32C031C4T3, STM32C031C4T6, STM32C031C4U3, STM32C031C4U6, STM32C031C6T3, STM32C031C6T6, STM32C031C6U3, STM32C031C6U6, STM32C031F4P3, STM32C031F4P6, STM32C031F6P3, STM32C031F6P6, STM32C031G4U3, STM32C031G4U6, STM32C031G6U3, STM32C031G6U6, STM32C031K4T3, STM32C031K4T6, STM32C031K4U3, STM32C031K4U6, STM32C031K6T3, STM32C031K6T6, STM32C031K6U3, STM32C031K6U6, STM32G071K8TXN, STM32G071K8UXN, STM32G081GBU6N, STM32G081KBT6N, STM32G081KBUXN, STM32G0B1CCT6N, STM32G0B1KCT6, STM32G0B1NEY6TR, STM32G0B1RCT6N, STM32G0C1CCT6, STM32G0C1CCT6N, STM32G0C1CCU6N, STM32G0C1CET6N, STM32G0C1CEU6N, STM32G0C1KCT6, STM32G0C1NEY6TR, STM32G0C1RCI6N, STM32G0C1RCT6N, STM32G0C1REI6N, STM32G0C1RET6N, STM32G0C1VCI6, STM32G0C1VEI6, STM32G471CCT6, STM32G471CCU6, STM32G471CET3, STM32G471CET6, STM32G471CEU3, STM32G471CEU6, STM32G471MCT6, STM32G471MET3, STM32G471MET6, STM32G471MEY6TR, STM32G471QCT6, STM32G471QET3, STM32G471RCT6, STM32G471RET3, STM32G471RET6, STM32G471VCH6, STM32G471VCI6, STM32G471VCT6, STM32G471VEH3, STM32G471VEH6, STM32G471VEI3, STM32G471VEI6, STM32G471VET3, STM32G471VET6, STM32G474CCT6, STM32H503CBT6, STM32H503CBU6, STM32H503EBY6TR, STM32H503KBU6, STM32H503RBT6, STM32H562AGI6, STM32H562AII6, STM32H562IGK6, STM32H562IGT6, STM32H562IIK6, STM32H562IIT6, STM32H562RGT6, STM32H562RGV6, STM32H562RIT6, STM32H562RIV6, STM32H562VGT6, STM32H562VIT6, STM32H562ZGT6, STM32H562ZIT6, STM32H563AGI6, STM32H563AII3Q, STM32H563AII6, STM32H563IGK6, STM32H563IGT6, STM32H563IIK3Q, STM32H563IIK6, STM32H563IIT3Q, STM32H563IIT6, STM32H563MIY3QTR, STM32H563RGT6, STM32H563RGV6, STM32H563RIT6, STM32H563RIV6, STM32H563VGT6, STM32H563VIT3Q, STM32H563VIT6, STM32H563ZGT6, STM32H563ZIT3Q, STM32H563ZIT6, STM32H573AII3Q, STM32H573AII6, STM32H573I-DK, STM32H573IIK3Q, STM32H573IIK6, STM32H573IIT3Q, STM32H573IIT6, STM32H573MIY3QTR, STM32H573RIT6, STM32H573RIV6, STM32H573VIT3Q, STM32H573VIT6, STM32H573ZIT3Q, STM32H573ZIT6, STM32L4R5QGI6STR, STM32MP131AAE3, STM32MP131AAF3, STM32MP131AAG3, STM32MP131CAE3, STM32MP131CAF3, STM32MP131CAG3, STM32MP131DAE7, STM32MP131DAF7, STM32MP131DAG7, STM32MP131FAE7, STM32MP131FAF7, STM32MP131FAG7, STM32MP133AAE3, STM32MP133AAF3, STM32MP133AAG3, STM32MP133CAE3, STM32MP133CAF3, STM32MP133CAG3, STM32MP133DAE7, STM32MP133DAF7, STM32MP133DAG7, STM32MP133FAE7, STM32MP133FAF7, STM32MP133FAG7, STM32MP135AAE3, STM32MP135AAF3, STM32MP135AAG3, STM32MP135CAE3, STM32MP135CAF3, STM32MP135CAG3, STM32MP135DAE7, STM32MP135DAF7, STM32MP135DAG7, STM32MP135F-DK, STM32MP135FAE7, STM32MP135FAF7, STM32MP135FAF7T, STM32MP135FAF7U, STM32MP135FAG7, STM32U535CBT6, STM32U535CBT6Q, STM32U535CBU6, STM32U535CBU6Q, STM32U535CCT6, STM32U535CCT6Q, STM32U535CCU6, STM32U535CCU6Q, STM32U535CET6, STM32U535CET6Q, STM32U535CEU6, STM32U535CEU6Q, STM32U535JEY6QTR, STM32U535NCY6QTR, STM32U535NEY6QTR, STM32U535RBI6, STM32U535RBI6Q, STM32U535RBT6, STM32U535RBT6Q, STM32U535RCI6, STM32U535RCI6Q, STM32U535RCT6, STM32U535RCT6Q, STM32U535REI6, STM32U535REI6Q, STM32U535RET6, STM32U535RET6Q, STM32U535VCI6, STM32U535VCI6Q, STM32U535VCT6, STM32U535VCT6Q, STM32U535VEI6, STM32U535VEI6Q, STM32U535VET6, STM32U535VET6Q, STM32U545CET6, STM32U545CET6Q, STM32U545CEU6, STM32U545CEU6Q, STM32U545JEY6QTR, STM32U545NEY6QTR, STM32U545REI6, STM32U545REI6Q, STM32U545RET6, STM32U545RET6Q, STM32U545VEI6, STM32U545VEI6Q, STM32U545VET6, STM32U545VET6Q, STM32U595AIH6, STM32U595AIH6Q, STM32U595AJH6, STM32U595AJH6Q, STM32U595QII6, STM32U595QII6Q, STM32U595QJI6, STM32U595QJI6Q, STM32U595RIT6, STM32U595RIT6Q, STM32U595RJT6, STM32U595RJT6Q, STM32U595VIT6, STM32U595VIT6Q, STM32U595VJT6, STM32U595VJT6Q, STM32U595ZIT6, STM32U595ZIT6Q, STM32U595ZIY6QTR, STM32U595ZJT6, STM32U595ZJT6Q, STM32U595ZJY6QTR, STM32U599BJY6QTR, STM32U599NIH6Q, STM32U599NJH6Q, STM32U599VIT6Q, STM32U599VJT6, STM32U599VJT6Q, STM32U599ZIT6Q, STM32U599ZIY6QTR, STM32U599ZJT6Q, STM32U599ZJY6QTR, STM32U5A5AJH6, STM32U5A5AJH6Q, STM32U5A5QJI6, STM32U5A5QJI6Q, STM32U5A5RJT6, STM32U5A5RJT6Q, STM32U5A5VJT6, STM32U5A5VJT6Q, STM32U5A5ZJT6, STM32U5A5ZJT6Q, STM32U5A5ZJY6QTR, STM32U5A9BJY6QTR, STM32U5A9J-DK, STM32U5A9NJH6Q, STM32U5A9VJT6Q, STM32U5A9ZJT6Q, STM32U5A9ZJY6QTR, STM32WB1MMCH6, STM32WBA52CEU6, STM32WBA52CEU6T, STM32WBA52CGU6, STM32WBA52CGU6T, STM32WL5MOCH6, STM32WL5MOCH6TR]
2023-11-18 08:25:30,214 [INFO] DbMcus:216 - Found 3825 MCUs, 3825 are supported
2023-11-18 08:25:30,226 [INFO] ApiDb:423 - Load user favorites file C:\Users\Asus/.stm32cubeide/favorites.mcus.txt: 0 item(s)
2023-11-18 08:25:30,227 [INFO] ApiDb:427 - User favorites MCUs=[]
2023-11-18 08:25:30,228 [INFO] DbMcus:222 - Set 0 / 0 favorites MCUs
2023-11-18 08:25:31,512 [INFO] ApiDb:668 - CubeFinder database Data Model version=2.1
2023-11-18 08:25:31,512 [INFO] ApiDb:669 - CubeFinder database Configuration version=3.0.37
2023-11-18 08:25:31,513 [INFO] ApiDb:670 - CubeFinder database generation date=2023-10-13 (1697197505)
2023-11-18 08:25:31,513 [INFO] ApiDb:671 - CubeFinder database FW Pack versions=[FP-ATR-ASTRA1_V2.0.0, FP-SNS-FLIGHT1_V5.0.1, FP-SNS-FLIGHT1_V5.0.2, FP-SNS-MOTENV1_V4.3.1, FP-SNS-MOTENV1_V4.3.2, FP-SNS-SMARTAG2_V1.2.0, I-CUBE-ITTIADB_V8.6.3-1, STM32Cube_FW_C0_V1.1.0, STM32Cube_FW_F4_V1.27.1, STM32Cube_FW_F7_V1.17.0, STM32Cube_FW_G0_V1.6.1, STM32Cube_FW_G4_V1.5.1, STM32Cube_FW_H5_V0.5.1, STM32Cube_FW_H5_V1.1.1, STM32Cube_FW_H7_V1.11.0, STM32Cube_FW_L0_V1.12.2, STM32Cube_FW_L5_V1.5.0, STM32Cube_FW_U5_V1.3.0, STM32Cube_FW_U5_V1.3.0RC4, STM32Cube_FW_WBA_V1.0.0RC1, STM32Cube_FW_WBA_V1.1.0RC1, STM32Cube_FW_WBA_V1.1.1, STM32Cube_FW_WB_V1.15.0RC1, STM32Cube_FW_WB_V1.16.0, STM32Cube_FW_WB_V1.16.0RC2, STM32Cube_FW_WB_V1.17.3, STM32Cube_FW_WL_V1.3.0, X-CUBE-ALGOBUILD_V1.3.0, X-CUBE-ALS_V1.0.1, X-CUBE-AZRTOS-F4_V1.1.0, X-CUBE-AZRTOS-F7_V1.1.0, X-CUBE-AZRTOS-G0_V1.1.0, X-CUBE-AZRTOS-G4_V2.0.0, X-CUBE-AZRTOS-H7_V3.1.0, X-CUBE-AZRTOS-L4_V1.0.0, X-CUBE-AZRTOS-L4_V2.0.0, X-CUBE-AZRTOS-L5_V1.1.0, X-CUBE-AZRTOS-WB_V2.0.0, X-CUBE-AZRTOS-WL_V2.0.0, X-CUBE-BLE1_V7.0.0, X-CUBE-BLE2_V3.3.0, X-CUBE-BLEMGR_V2.0.0, X-CUBE-EEPRMA1_V4.1.0, X-CUBE-FREERTOS_V1.1.0, X-CUBE-GNSS1_V6.0.0, X-CUBE-MEMS1_V10.0.0, X-CUBE-MEMS1_V9.1.0, X-CUBE-MEMS1_V9.4.0, X-CUBE-MEMS1_V9.6.0, X-CUBE-NFC4_V3.0.0, X-CUBE-NFC7_V1.0.1, X-CUBE-SFXS2LP1_V4.0.0, X-CUBE-SUBG2_V5.0.0, X-CUBE-TOF1_V3.3.1]
2023-11-18 08:25:31,676 [INFO] DbBoardsSqlite:226 - include board P-NUCLEO-WB55-NUCLEO as a kit item of type 'Nucleo-64'
2023-11-18 08:25:31,677 [INFO] DbBoardsSqlite:226 - include board P-NUCLEO-WB55-USBDONGLE as a kit item of type 'Nucleo USB Dongle'
2023-11-18 08:25:31,678 [INFO] DbBoardsSqlite:226 - include board STEVAL-IDP005V1 as a kit item of type 'Evaluation Board'
2023-11-18 08:25:31,678 [INFO] DbBoardsSqlite:226 - include board STEVAL-IDP005V2 as a kit item of type 'Evaluation Board'
2023-11-18 08:25:31,814 [INFO] ApiDb:240 - Found 297 in-development CPN: [B-G473E-ZEST1S, B-WB1M-WPAN1, B-WL5M-SUBG1, NUCLEO-C031C6, NUCLEO-H503RB, NUCLEO-H563ZI, NUCLEO-U545RE-Q, NUCLEO-U5A5ZJ-Q, NUCLEO-WBA52CG, STEVAL-PROTEUS1, STEVAL-STWINBX1, STM320518-EVAL, STM32C0116-DK, STM32C011D6Y3TR, STM32C011D6Y6TR, STM32C011F4P3, STM32C011F4P6, STM32C011F4U3, STM32C011F4U6TR, STM32C011F6P3, STM32C011F6P6, STM32C011F6U3, STM32C011F6U6TR, STM32C011J4M3, STM32C011J4M6, STM32C011J6M3, STM32C011J6M6, STM32C0316-DK, STM32C031C4T3, STM32C031C4T6, STM32C031C4U3, STM32C031C4U6, STM32C031C6T3, STM32C031C6T6, STM32C031C6U3, STM32C031C6U6, STM32C031F4P3, STM32C031F4P6, STM32C031F6P3, STM32C031F6P6, STM32C031G4U3, STM32C031G4U6, STM32C031G6U3, STM32C031G6U6, STM32C031K4T3, STM32C031K4T6, STM32C031K4U3, STM32C031K4U6, STM32C031K6T3, STM32C031K6T6, STM32C031K6U3, STM32C031K6U6, STM32G071K8TXN, STM32G071K8UXN, STM32G081GBU6N, STM32G081KBT6N, STM32G081KBUXN, STM32G0B1CCT6N, STM32G0B1KCT6, STM32G0B1NEY6TR, STM32G0B1RCT6N, STM32G0C1CCT6, STM32G0C1CCT6N, STM32G0C1CCU6N, STM32G0C1CET6N, STM32G0C1CEU6N, STM32G0C1KCT6, STM32G0C1NEY6TR, STM32G0C1RCI6N, STM32G0C1RCT6N, STM32G0C1REI6N, STM32G0C1RET6N, STM32G0C1VCI6, STM32G0C1VEI6, STM32G471CCT6, STM32G471CCU6, STM32G471CET3, STM32G471CET6, STM32G471CEU3, STM32G471CEU6, STM32G471MCT6, STM32G471MET3, STM32G471MET6, STM32G471MEY6TR, STM32G471QCT6, STM32G471QET3, STM32G471RCT6, STM32G471RET3, STM32G471RET6, STM32G471VCH6, STM32G471VCI6, STM32G471VCT6, STM32G471VEH3, STM32G471VEH6, STM32G471VEI3, STM32G471VEI6, STM32G471VET3, STM32G471VET6, STM32G474CCT6, STM32H503CBT6, STM32H503CBU6, STM32H503EBY6TR, STM32H503KBU6, STM32H503RBT6, STM32H562AGI6, STM32H562AII6, STM32H562IGK6, STM32H562IGT6, STM32H562IIK6, STM32H562IIT6, STM32H562RGT6, STM32H562RGV6, STM32H562RIT6, STM32H562RIV6, STM32H562VGT6, STM32H562VIT6, STM32H562ZGT6, STM32H562ZIT6, STM32H563AGI6, STM32H563AII3Q, STM32H563AII6, STM32H563IGK6, STM32H563IGT6, STM32H563IIK3Q, STM32H563IIK6, STM32H563IIT3Q, STM32H563IIT6, STM32H563MIY3QTR, STM32H563RGT6, STM32H563RGV6, STM32H563RIT6, STM32H563RIV6, STM32H563VGT6, STM32H563VIT3Q, STM32H563VIT6, STM32H563ZGT6, STM32H563ZIT3Q, STM32H563ZIT6, STM32H573AII3Q, STM32H573AII6, STM32H573I-DK, STM32H573IIK3Q, STM32H573IIK6, STM32H573IIT3Q, STM32H573IIT6, STM32H573MIY3QTR, STM32H573RIT6, STM32H573RIV6, STM32H573VIT3Q, STM32H573VIT6, STM32H573ZIT3Q, STM32H573ZIT6, STM32L4R5QGI6STR, STM32MP131AAE3, STM32MP131AAF3, STM32MP131AAG3, STM32MP131CAE3, STM32MP131CAF3, STM32MP131CAG3, STM32MP131DAE7, STM32MP131DAF7, STM32MP131DAG7, STM32MP131FAE7, STM32MP131FAF7, STM32MP131FAG7, STM32MP133AAE3, STM32MP133AAF3, STM32MP133AAG3, STM32MP133CAE3, STM32MP133CAF3, STM32MP133CAG3, STM32MP133DAE7, STM32MP133DAF7, STM32MP133DAG7, STM32MP133FAE7, STM32MP133FAF7, STM32MP133FAG7, STM32MP135AAE3, STM32MP135AAF3, STM32MP135AAG3, STM32MP135CAE3, STM32MP135CAF3, STM32MP135CAG3, STM32MP135DAE7, STM32MP135DAF7, STM32MP135DAG7, STM32MP135F-DK, STM32MP135FAE7, STM32MP135FAF7, STM32MP135FAF7T, STM32MP135FAF7U, STM32MP135FAG7, STM32U535CBT6, STM32U535CBT6Q, STM32U535CBU6, STM32U535CBU6Q, STM32U535CCT6, STM32U535CCT6Q, STM32U535CCU6, STM32U535CCU6Q, STM32U535CET6, STM32U535CET6Q, STM32U535CEU6, STM32U535CEU6Q, STM32U535JEY6QTR, STM32U535NCY6QTR, STM32U535NEY6QTR, STM32U535RBI6, STM32U535RBI6Q, STM32U535RBT6, STM32U535RBT6Q, STM32U535RCI6, STM32U535RCI6Q, STM32U535RCT6, STM32U535RCT6Q, STM32U535REI6, STM32U535REI6Q, STM32U535RET6, STM32U535RET6Q, STM32U535VCI6, STM32U535VCI6Q, STM32U535VCT6, STM32U535VCT6Q, STM32U535VEI6, STM32U535VEI6Q, STM32U535VET6, STM32U535VET6Q, STM32U545CET6, STM32U545CET6Q, STM32U545CEU6, STM32U545CEU6Q, STM32U545JEY6QTR, STM32U545NEY6QTR, STM32U545REI6, STM32U545REI6Q, STM32U545RET6, STM32U545RET6Q, STM32U545VEI6, STM32U545VEI6Q, STM32U545VET6, STM32U545VET6Q, STM32U595AIH6, STM32U595AIH6Q, STM32U595AJH6, STM32U595AJH6Q, STM32U595QII6, STM32U595QII6Q, STM32U595QJI6, STM32U595QJI6Q, STM32U595RIT6, STM32U595RIT6Q, STM32U595RJT6, STM32U595RJT6Q, STM32U595VIT6, STM32U595VIT6Q, STM32U595VJT6, STM32U595VJT6Q, STM32U595ZIT6, STM32U595ZIT6Q, STM32U595ZIY6QTR, STM32U595ZJT6, STM32U595ZJT6Q, STM32U595ZJY6QTR, STM32U599BJY6QTR, STM32U599NIH6Q, STM32U599NJH6Q, STM32U599VIT6Q, STM32U599VJT6, STM32U599VJT6Q, STM32U599ZIT6Q, STM32U599ZIY6QTR, STM32U599ZJT6Q, STM32U599ZJY6QTR, STM32U5A5AJH6, STM32U5A5AJH6Q, STM32U5A5QJI6, STM32U5A5QJI6Q, STM32U5A5RJT6, STM32U5A5RJT6Q, STM32U5A5VJT6, STM32U5A5VJT6Q, STM32U5A5ZJT6, STM32U5A5ZJT6Q, STM32U5A5ZJY6QTR, STM32U5A9BJY6QTR, STM32U5A9J-DK, STM32U5A9NJH6Q, STM32U5A9VJT6Q, STM32U5A9ZJT6Q, STM32U5A9ZJY6QTR, STM32WB1MMCH6, STM32WBA52CEU6, STM32WBA52CEU6T, STM32WBA52CGU6, STM32WBA52CGU6T, STM32WL5MOCH6, STM32WL5MOCH6TR]
2023-11-18 08:25:32,258 [INFO] BoardInfo:880 - No configuration file found for board P-NUCLEO-WB55
2023-11-18 08:25:32,259 [INFO] DbBoards:157 - Kit is not supported: P-NUCLEO-WB55
2023-11-18 08:25:32,276 [INFO] BoardInfo:880 - No configuration file found for board STEVAL-BFA001V1B
2023-11-18 08:25:32,277 [INFO] DbBoards:157 - Kit is not supported: STEVAL-BFA001V1B
2023-11-18 08:25:32,280 [INFO] BoardInfo:880 - No configuration file found for board STEVAL-BFA001V2B
2023-11-18 08:25:32,280 [INFO] DbBoards:157 - Kit is not supported: STEVAL-BFA001V2B
2023-11-18 08:25:32,311 [INFO] BoardInfo:880 - No configuration file found for board STEVAL-SMARTAG2
2023-11-18 08:25:32,311 [INFO] DbBoards:157 - Board is not supported: STEVAL-SMARTAG2
2023-11-18 08:25:32,742 [INFO] DbBoards:161 - Found 188 boards, 184 are supported
2023-11-18 08:25:32,754 [INFO] ApiDb:423 - Load user favorites file C:\Users\Asus/.stm32cubeide/favorites.boards.txt: 0 item(s)
2023-11-18 08:25:32,755 [INFO] ApiDb:427 - User favorites Boards=[]
2023-11-18 08:25:32,756 [INFO] DbBoards:190 - Set 0 / 0 favorites Boards
2023-11-18 08:25:32,797 [INFO] ApiDb:668 - CubeFinder database Data Model version=2.1
2023-11-18 08:25:32,797 [INFO] ApiDb:669 - CubeFinder database Configuration version=3.0.37
2023-11-18 08:25:32,798 [INFO] ApiDb:670 - CubeFinder database generation date=2023-10-13 (1697197505)
2023-11-18 08:25:32,798 [INFO] ApiDb:671 - CubeFinder database FW Pack versions=[FP-ATR-ASTRA1_V2.0.0, FP-SNS-FLIGHT1_V5.0.1, FP-SNS-FLIGHT1_V5.0.2, FP-SNS-MOTENV1_V4.3.1, FP-SNS-MOTENV1_V4.3.2, FP-SNS-SMARTAG2_V1.2.0, I-CUBE-ITTIADB_V8.6.3-1, STM32Cube_FW_C0_V1.1.0, STM32Cube_FW_F4_V1.27.1, STM32Cube_FW_F7_V1.17.0, STM32Cube_FW_G0_V1.6.1, STM32Cube_FW_G4_V1.5.1, STM32Cube_FW_H5_V0.5.1, STM32Cube_FW_H5_V1.1.1, STM32Cube_FW_H7_V1.11.0, STM32Cube_FW_L0_V1.12.2, STM32Cube_FW_L5_V1.5.0, STM32Cube_FW_U5_V1.3.0, STM32Cube_FW_U5_V1.3.0RC4, STM32Cube_FW_WBA_V1.0.0RC1, STM32Cube_FW_WBA_V1.1.0RC1, STM32Cube_FW_WBA_V1.1.1, STM32Cube_FW_WB_V1.15.0RC1, STM32Cube_FW_WB_V1.16.0, STM32Cube_FW_WB_V1.16.0RC2, STM32Cube_FW_WB_V1.17.3, STM32Cube_FW_WL_V1.3.0, X-CUBE-ALGOBUILD_V1.3.0, X-CUBE-ALS_V1.0.1, X-CUBE-AZRTOS-F4_V1.1.0, X-CUBE-AZRTOS-F7_V1.1.0, X-CUBE-AZRTOS-G0_V1.1.0, X-CUBE-AZRTOS-G4_V2.0.0, X-CUBE-AZRTOS-H7_V3.1.0, X-CUBE-AZRTOS-L4_V1.0.0, X-CUBE-AZRTOS-L4_V2.0.0, X-CUBE-AZRTOS-L5_V1.1.0, X-CUBE-AZRTOS-WB_V2.0.0, X-CUBE-AZRTOS-WL_V2.0.0, X-CUBE-BLE1_V7.0.0, X-CUBE-BLE2_V3.3.0, X-CUBE-BLEMGR_V2.0.0, X-CUBE-EEPRMA1_V4.1.0, X-CUBE-FREERTOS_V1.1.0, X-CUBE-GNSS1_V6.0.0, X-CUBE-MEMS1_V10.0.0, X-CUBE-MEMS1_V9.1.0, X-CUBE-MEMS1_V9.4.0, X-CUBE-MEMS1_V9.6.0, X-CUBE-NFC4_V3.0.0, X-CUBE-NFC7_V1.0.1, X-CUBE-SFXS2LP1_V4.0.0, X-CUBE-SUBG2_V5.0.0, X-CUBE-TOF1_V3.3.1]
2023-11-18 08:25:35,375 [ERROR] DbExamplesSqlite:418 - Missing JSON key: board_cpn
2023-11-18 08:25:35,376 [ERROR] DbExamplesSqlite:418 - Missing JSON key: board_cpn
2023-11-18 08:25:35,377 [ERROR] DbExamplesSqlite:418 - Missing JSON key: board_cpn
2023-11-18 08:25:35,378 [ERROR] DbExamplesSqlite:418 - Missing JSON key: board_cpn
2023-11-18 08:25:35,396 [INFO] DbExamplesSqlite:376 - Ignored 27 examples not supported by CubeIDE
2023-11-18 08:25:35,397 [INFO] DbExamplesSqlite:377 - Found 7221 examples active
2023-11-18 08:25:35,397 [INFO] DbExamplesSqlite:378 - Found 777 examples obsolete
2023-11-18 08:25:35,398 [INFO] DbExamplesSqlite:379 - Found 0 examples under development
2023-11-18 08:25:35,401 [INFO] DbExamplesSqlite:380 - Found 74 examples not building
2023-11-18 08:25:35,406 [INFO] DbExamples:125 - Found 7268 examples
2023-11-18 08:25:35,472 [ERROR] DbExamples:208 - Found 22 examples with invalid data (board or MCU)
2023-11-18 08:25:35,473 [INFO] DbExamples:222 - Found 92 boards with related examples
2023-11-18 08:25:35,475 [INFO] DbExamples:235 - Found 78 MCUs with related examples
2023-11-18 08:25:35,513 [INFO] ApiDb:414 - User favorites file not found: C:\Users\Asus/.stm32cubeide/favorites.examples.txt
2023-11-18 08:25:35,514 [INFO] DbExamples:250 - Set 0 / 0 favorites Examples
2023-11-18 08:25:36,267 [INFO] McuFinderGlobals:66 - Set McuFinderConnectedMode to true
2023-11-18 08:25:36,293 [INFO] MultiScanPanel:200 - Auto-refresh data requested => check proxy status ongoing
2023-11-18 08:25:36,305 [INFO] FinderPluginLoader:95 - Searching for filters in installed packs
2023-11-18 08:25:41,080 [INFO] LoadUrlFilesThread:185 - End of LoadServerUrlFiles without Thread
2023-11-18 08:25:41,105 [INFO] DetailPanel:341 - Set advertising image to C:/Users/Asus/STM32Cube/Repository/\en.prom-stm32h5-mcu-finder.jpg
2023-11-18 08:26:59,959 [INFO] MainUpdater:2854 - connection check result : 10
2023-11-18 08:26:59,959 [INFO] MainUpdater:2854 - connection check result : 10
2023-11-18 08:27:00,008 [INFO] MicroXplorer:468 - Change Database Path : 
2023-11-18 08:27:00,008 [INFO] MicroXplorer:498 - Change Database Version : DB.6.0.80
2023-11-18 08:27:00,009 [WARN] ThirdParty:871 - waiting for thirdparty lock release [close project]
2023-11-18 08:27:00,009 [INFO] ThirdParty:873 - entering critical section [close project]
2023-11-18 08:27:00,011 [INFO] ThirdParty:883 - exiting critical section [close project]
2023-11-18 08:27:00,017 [INFO] PinOutPanel:1499 - setPackage(No Configuration,No Configuration)
2023-11-18 08:27:00,026 [INFO] UtilMem:75 - Begin LoadConfig() Used Memory: 533611904 Bytes (677380096)
2023-11-18 08:27:00,029 [INFO] MicroXplorer:468 - Change Database Path : 
2023-11-18 08:27:00,029 [INFO] MicroXplorer:498 - Change Database Version : DB.6.0.80
2023-11-18 08:27:00,029 [INFO] OpenFileManager:308 - Change cursor
2023-11-18 08:27:00,230 [INFO] Mcu:1937 - Initializing MCU STM32F103C8Tx STM32F103C8Tx 
2023-11-18 08:27:00,232 [INFO] Mcu:1950 - No CPN specified => set CPN to STM32F103C8T6
2023-11-18 08:27:01,472 [INFO] Context:659 - Trying to add GPIOservice into a context  which must be forbidden
2023-11-18 08:27:01,847 [INFO] ImportTextPane:194 - (OptionalMessage_ERROR) Unable to find key (Mcu.ThirdPartyNb) in loaded IOC file
2023-11-18 08:27:01,847 [INFO] ImportTextPane:194 - (OptionalMessage_ERROR) Unable to find key (Mcu.PinsNb) in loaded IOC file
2023-11-18 08:27:01,847 [INFO] ImportTextPane:194 - (OptionalMessage_ERROR) Unable to find key (Mcu.IPNb) in loaded IOC file
2023-11-18 08:27:02,190 [INFO] RtosManager:555 - Registered RTOS mode: class=CMSIS, group=RTOS, mode=CMSIS_V1, owner=FREERTOS
2023-11-18 08:27:02,190 [INFO] RtosManager:555 - Registered RTOS mode: class=CMSIS, group=RTOS2, mode=CMSIS_V2, owner=FREERTOS
2023-11-18 08:27:02,190 [INFO] RtosManager:555 - Registered RTOS mode: class=RTOS, group=Core, mode=CMSIS_V1, owner=FREERTOS
2023-11-18 08:27:02,190 [INFO] RtosManager:555 - Registered RTOS mode: class=RTOS, group=Core, mode=CMSIS_V2, owner=FREERTOS
2023-11-18 08:27:02,191 [WARN] ModelIntegratedComponent:184 - Missing modes for component STMicroelectronics:FreeRTOS:0.0.1:STMicroelectronics:RTOS:FreeRTOS:Core:::10.2.0:
2023-11-18 08:27:02,215 [WARN] ModelIntegratedComponent:63 - No mode defined for component null
2023-11-18 08:27:02,215 [WARN] ModelIntegratedComponent:63 - No mode defined for component null
2023-11-18 08:27:02,215 [WARN] ModelIntegratedComponent:63 - No mode defined for component null
2023-11-18 08:27:02,215 [WARN] ModelIntegratedComponent:63 - No mode defined for component null
2023-11-18 08:27:02,215 [WARN] ModelIntegratedComponent:63 - No mode defined for component null
2023-11-18 08:27:02,215 [WARN] ModelIntegratedComponent:63 - No mode defined for component null
2023-11-18 08:27:02,215 [WARN] ModelIntegratedComponent:63 - No mode defined for component null
2023-11-18 08:27:02,215 [WARN] ModelIntegratedComponent:63 - No mode defined for component null
2023-11-18 08:27:02,215 [WARN] ModelIntegratedComponent:63 - No mode defined for component null
2023-11-18 08:27:02,215 [WARN] ModelIntegratedComponent:63 - No mode defined for component null
2023-11-18 08:27:02,215 [WARN] ModelIntegratedComponent:63 - No mode defined for component null
2023-11-18 08:27:02,215 [WARN] ModelIntegratedComponent:63 - No mode defined for component null
2023-11-18 08:27:02,215 [WARN] ModelIntegratedComponent:63 - No mode defined for component null
2023-11-18 08:27:02,215 [WARN] ModelIntegratedComponent:63 - No mode defined for component null
2023-11-18 08:27:02,215 [WARN] ModelIntegratedComponent:63 - No mode defined for component null
2023-11-18 08:27:02,216 [WARN] ModelIntegratedComponent:63 - No mode defined for component null
2023-11-18 08:27:02,216 [WARN] ModelIntegratedComponent:63 - No mode defined for component null
2023-11-18 08:27:02,216 [WARN] ModelIntegratedComponent:63 - No mode defined for component null
2023-11-18 08:27:02,216 [WARN] ModelIntegratedComponent:63 - No mode defined for component null
2023-11-18 08:27:02,216 [WARN] ModelIntegratedComponent:63 - No mode defined for component null
2023-11-18 08:27:02,216 [WARN] ModelIntegratedComponent:63 - No mode defined for component null
2023-11-18 08:27:02,216 [WARN] ModelIntegratedComponent:63 - No mode defined for component null
2023-11-18 08:27:02,216 [WARN] ModelIntegratedComponent:63 - No mode defined for component null
2023-11-18 08:27:02,216 [WARN] ModelIntegratedComponent:63 - No mode defined for component null
2023-11-18 08:27:02,216 [WARN] ModelIntegratedComponent:63 - No mode defined for component null
2023-11-18 08:27:02,216 [WARN] ModelIntegratedComponent:63 - No mode defined for component null
2023-11-18 08:27:02,216 [WARN] ModelIntegratedComponent:63 - No mode defined for component null
2023-11-18 08:27:02,216 [WARN] ModelIntegratedComponent:63 - No mode defined for component null
2023-11-18 08:27:02,216 [WARN] ModelIntegratedComponent:63 - No mode defined for component null
2023-11-18 08:27:02,216 [WARN] ModelIntegratedComponent:63 - No mode defined for component null
2023-11-18 08:27:02,216 [WARN] ModelIntegratedComponent:63 - No mode defined for component null
2023-11-18 08:27:02,216 [WARN] ModelIntegratedComponent:63 - No mode defined for component null
2023-11-18 08:27:02,216 [WARN] ModelIntegratedComponent:63 - No mode defined for component null
2023-11-18 08:27:02,450 [INFO] ThirdPartyModel:298 - Start build external matchings
2023-11-18 08:27:03,678 [INFO] ThirdPartyModel:316 - End build external matchings
2023-11-18 08:27:03,988 [INFO] UtilMem:75 - End LoadConfig() Used Memory: 508301696 Bytes (677380096)
2023-11-18 08:27:04,023 [WARN] ThirdParty:833 - waiting for thirdparty lock release [change project]
2023-11-18 08:27:04,023 [INFO] ThirdParty:835 - entering critical section [change project]
2023-11-18 08:27:04,023 [INFO] ThirdParty:1030 - CMSIS Pack Vendor :STMicroelectronics X-CUBE-ISPU 1.1.0
2023-11-18 08:27:04,024 [INFO] ThirdParty:1030 - CMSIS Pack Vendor :STMicroelectronics X-CUBE-GNSS1 6.0.0
2023-11-18 08:27:04,024 [INFO] ThirdParty:1030 - CMSIS Pack Vendor :STMicroelectronics USB_HOST 2.0.0
2023-11-18 08:27:04,024 [INFO] ThirdParty:1030 - CMSIS Pack Vendor :STMicroelectronics X-CUBE-AZRTOS-F4 1.1.0
2023-11-18 08:27:04,024 [INFO] ThirdParty:1030 - CMSIS Pack Vendor :STMicroelectronics LIBJPEG 8.0.0
2023-11-18 08:27:04,024 [INFO] ThirdParty:1030 - CMSIS Pack Vendor :STMicroelectronics X-CUBE-SMBUS 2.1.0
2023-11-18 08:27:04,024 [INFO] ThirdParty:1030 - CMSIS Pack Vendor :wolfSSL I-CUBE-wolfSSL 5.6.0
2023-11-18 08:27:04,024 [INFO] ThirdParty:1030 - CMSIS Pack Vendor :STMicroelectronics USB_DEVICE 3.0.0
2023-11-18 08:27:04,024 [INFO] ThirdParty:1030 - CMSIS Pack Vendor :STMicroelectronics X-CUBE-AI 8.0.0
2023-11-18 08:27:04,024 [INFO] ThirdParty:1030 - CMSIS Pack Vendor :STMicroelectronics X-CUBE-AZRTOS-WB 2.0.0
2023-11-18 08:27:04,024 [INFO] ThirdParty:1030 - CMSIS Pack Vendor :STMicroelectronics X-CUBE-FREERTOS 1.0.1
2023-11-18 08:27:04,024 [INFO] ThirdParty:1030 - CMSIS Pack Vendor :STMicroelectronics X-CUBE-TOUCHGFX 4.21.3
2023-11-18 08:27:04,024 [INFO] ThirdParty:1030 - CMSIS Pack Vendor :STMicroelectronics X-CUBE-AZRTOS-F7 1.1.0
2023-11-18 08:27:04,024 [INFO] ThirdParty:1030 - CMSIS Pack Vendor :STMicroelectronics X-CUBE-AZRTOS-L5 2.0.0
2023-11-18 08:27:04,024 [INFO] ThirdParty:1030 - CMSIS Pack Vendor :STMicroelectronics USB_DEVICE 2.0.0
2023-11-18 08:27:04,024 [INFO] ThirdParty:1030 - CMSIS Pack Vendor :STMicroelectronics X-CUBE-MEMS1 9.6.0
2023-11-18 08:27:04,024 [INFO] ThirdParty:1030 - CMSIS Pack Vendor :STMicroelectronics X-CUBE-EEPRMA1 4.2.0
2023-11-18 08:27:04,024 [INFO] ThirdParty:1030 - CMSIS Pack Vendor :ITTIA_DB I-CUBE-ITTIADB 8.8.0
2023-11-18 08:27:04,024 [INFO] ThirdParty:1030 - CMSIS Pack Vendor :STMicroelectronics FP-SNS-MOTENV1 4.3.2
2023-11-18 08:27:04,024 [INFO] ThirdParty:1030 - CMSIS Pack Vendor :STMicroelectronics X-CUBE-ALGOBUILD 1.3.0
2023-11-18 08:27:04,024 [INFO] ThirdParty:1030 - CMSIS Pack Vendor :STMicroelectronics X-CUBE-BLE1 6.2.4
2023-11-18 08:27:04,024 [INFO] ThirdParty:1030 - CMSIS Pack Vendor :STMicroelectronics X-CUBE-AZRTOS-L5 1.1.0
2023-11-18 08:27:04,024 [INFO] ThirdParty:1030 - CMSIS Pack Vendor :STMicroelectronics FreeRTOS 0.0.1
2023-11-18 08:27:04,024 [INFO] ThirdParty:1030 - CMSIS Pack Vendor :STMicroelectronics X-CUBE-AZRTOS-G0 1.1.0
2023-11-18 08:27:04,024 [INFO] ThirdParty:1030 - CMSIS Pack Vendor :emotas I-CUBE-CANOPEN 1.1.3
2023-11-18 08:27:04,025 [INFO] ThirdParty:1030 - CMSIS Pack Vendor :STMicroelectronics X-CUBE-BLEMGR 2.0.0
2023-11-18 08:27:04,025 [INFO] ThirdParty:1030 - CMSIS Pack Vendor :STMicroelectronics X-CUBE-NFC4 3.0.0
2023-11-18 08:27:04,025 [INFO] ThirdParty:1030 - CMSIS Pack Vendor :STMicroelectronics X-CUBE-SUBG2 5.0.0
2023-11-18 08:27:04,025 [INFO] ThirdParty:1030 - CMSIS Pack Vendor :STMicroelectronics STM32_WPAN 1.0.0
2023-11-18 08:27:04,025 [INFO] ThirdParty:1030 - CMSIS Pack Vendor :STMicroelectronics lwIP 2.0.3
2023-11-18 08:27:04,025 [INFO] ThirdParty:1030 - CMSIS Pack Vendor :STMicroelectronics FP-SNS-FLIGHT1 5.0.2
2023-11-18 08:27:04,025 [INFO] ThirdParty:1030 - CMSIS Pack Vendor :STMicroelectronics USB_HOST 1.0.0
2023-11-18 08:27:04,025 [INFO] ThirdParty:1030 - CMSIS Pack Vendor :STMicroelectronics X-CUBE-TOF1 3.3.1
2023-11-18 08:27:04,025 [INFO] ThirdParty:1030 - CMSIS Pack Vendor :STMicroelectronics X-CUBE-AZRTOS-G4 2.0.0
2023-11-18 08:27:04,025 [INFO] ThirdParty:1030 - CMSIS Pack Vendor :STMicroelectronics PDM2PCM 3.1.0
2023-11-18 08:27:04,025 [INFO] ThirdParty:1030 - CMSIS Pack Vendor :STMicroelectronics X-CUBE-AZRTOS-H7 3.1.0
2023-11-18 08:27:04,025 [INFO] ThirdParty:1030 - CMSIS Pack Vendor :STMicroelectronics X-CUBE-TOF1 3.3.0
2023-11-18 08:27:04,026 [INFO] ThirdParty:1030 - CMSIS Pack Vendor :Infineon AIROC-Wi-Fi-Bluetooth-STM32 1.5.1
2023-11-18 08:27:04,026 [INFO] ThirdParty:1030 - CMSIS Pack Vendor :STMicroelectronics X-CUBE-BLEMGR 3.0.0
2023-11-18 08:27:04,026 [INFO] ThirdParty:1030 - CMSIS Pack Vendor :STMicroelectronics PDM2PCM 3.3.0
2023-11-18 08:27:04,026 [INFO] ThirdParty:1030 - CMSIS Pack Vendor :STMicroelectronics X-CUBE-DISPLAY 3.0.0
2023-11-18 08:27:04,026 [INFO] ThirdParty:1030 - CMSIS Pack Vendor :STMicroelectronics FP-SNS-MOTENVWB1 1.3.0
2023-11-18 08:27:04,026 [INFO] ThirdParty:1030 - CMSIS Pack Vendor :STMicroelectronics X-CUBE-BLE1 7.0.0
2023-11-18 08:27:04,026 [INFO] ThirdParty:1030 - CMSIS Pack Vendor :STMicroelectronics FP-ATR-SIGFOX1 3.2.0
2023-11-18 08:27:04,026 [INFO] ThirdParty:1030 - CMSIS Pack Vendor :STMicroelectronics X-CUBE-AZRTOS-L4 1.0.0
2023-11-18 08:27:04,027 [INFO] ThirdParty:1030 - CMSIS Pack Vendor :STMicroelectronics HAL Drivers 0.0.0
2023-11-18 08:27:04,028 [INFO] ThirdParty:1030 - CMSIS Pack Vendor :STMicroelectronics MBEDTLS 2.16.2
2023-11-18 08:27:04,028 [INFO] ThirdParty:1030 - CMSIS Pack Vendor :STMicroelectronics X-CUBE-MEMS1 10.0.0
2023-11-18 08:27:04,028 [INFO] ThirdParty:1030 - CMSIS Pack Vendor :STMicroelectronics X-CUBE-FREERTOS 1.1.0
2023-11-18 08:27:04,030 [INFO] ThirdParty:1030 - CMSIS Pack Vendor :STMicroelectronics X-CUBE-NFC7 1.0.1
2023-11-18 08:27:04,030 [INFO] ThirdParty:1030 - CMSIS Pack Vendor :STMicroelectronics MBEDTLS 2.14.1
2023-11-18 08:27:04,030 [INFO] ThirdParty:1030 - CMSIS Pack Vendor :STMicroelectronics X-CUBE-NFC7 1.0.0
2023-11-18 08:27:04,030 [INFO] ThirdParty:1030 - CMSIS Pack Vendor :STMicroelectronics X-CUBE-TOUCHGFX 4.22.1
2023-11-18 08:27:04,031 [INFO] ThirdParty:1030 - CMSIS Pack Vendor :STMicroelectronics X-CUBE-AZRTOS-WL 1.0.0
2023-11-18 08:27:04,031 [INFO] ThirdParty:1030 - CMSIS Pack Vendor :STMicroelectronics X-CUBE-NFC6 3.0.0
2023-11-18 08:27:04,031 [INFO] ThirdParty:1030 - CMSIS Pack Vendor :STMicroelectronics X-CUBE-EEPRMA1 4.1.0
2023-11-18 08:27:04,031 [INFO] ThirdParty:1030 - CMSIS Pack Vendor :portGmbH I-Cube-SoM-uGOAL 1.1.0
2023-11-18 08:27:04,031 [INFO] ThirdParty:1030 - CMSIS Pack Vendor :STMicroelectronics X-CUBE-ALS 1.0.1
2023-11-18 08:27:04,031 [INFO] ThirdParty:1030 - CMSIS Pack Vendor :STMicroelectronics ThreadX 1.0.0
2023-11-18 08:27:04,031 [INFO] ThirdParty:1030 - CMSIS Pack Vendor :STMicroelectronics FP-SNS-SMARTAG2 1.2.0
2023-11-18 08:27:04,031 [INFO] ThirdParty:1030 - CMSIS Pack Vendor :STMicroelectronics X-CUBE-AZRTOS-WB 1.1.0
2023-11-18 08:27:04,031 [INFO] ThirdParty:1030 - CMSIS Pack Vendor :STMicroelectronics X-CUBE-AZRTOS-WL 2.0.0
2023-11-18 08:27:04,031 [INFO] ThirdParty:1030 - CMSIS Pack Vendor :SEGGER I-CUBE-embOS 1.3.1
2023-11-18 08:27:04,031 [INFO] ThirdParty:1030 - CMSIS Pack Vendor :STMicroelectronics USB_DEVICE 1.0.0
2023-11-18 08:27:04,031 [INFO] ThirdParty:1030 - CMSIS Pack Vendor :STMicroelectronics X-CUBE-AI 8.1.0
2023-11-18 08:27:04,032 [INFO] ThirdParty:1030 - CMSIS Pack Vendor :STMicroelectronics X-CUBE-AZRTOS-L4 2.0.0
2023-11-18 08:27:04,032 [INFO] ThirdParty:1030 - CMSIS Pack Vendor :STMicroelectronics ThreadX 0.0.2
2023-11-18 08:27:04,032 [INFO] ThirdParty:1030 - CMSIS Pack Vendor :WES I-CUBE-Cesium 1.3.0
2023-11-18 08:27:04,032 [INFO] ThirdParty:1030 - CMSIS Pack Vendor :STMicroelectronics FP-ATR-ASTRA1 2.0.0
2023-11-18 08:27:04,032 [INFO] ThirdParty:1030 - CMSIS Pack Vendor :STMicroelectronics lwIP 2.1.2
2023-11-18 08:27:04,032 [INFO] ThirdParty:1030 - CMSIS Pack Vendor :STMicroelectronics X-CUBE-SFXS2LP1 4.0.0
2023-11-18 08:27:04,032 [INFO] ThirdParty:1030 - CMSIS Pack Vendor :STMicroelectronics X-CUBE-BLE2 3.3.0
2023-11-18 08:27:04,032 [INFO] ThirdParty:1030 - CMSIS Pack Vendor :STMicroelectronics PDM2PCM 3.2.0
2023-11-18 08:27:04,032 [INFO] ThirdParty:841 - exiting critical section [change project]
2023-11-18 08:27:04,509 [INFO] PinOutPanel:1499 - setPackage(No Configuration,No Configuration)
2023-11-18 08:27:04,512 [INFO] PinOutPanel:1499 - setPackage(STM32F103C8Tx,LQFP48)
2023-11-18 08:27:05,177 [INFO] UtilMem:75 - Before build in PCC Used Memory: 515091000 Bytes (677380096)
2023-11-18 08:27:06,343 [INFO] UtilMem:75 - After build in PCC Used Memory: 500901312 Bytes (677380096)
2023-11-18 08:27:06,374 [INFO] IPUIPlugin:80 - create IPUIPlugin
2023-11-18 08:27:06,374 [INFO] IPUIPlugin:80 - create IPUIPlugin
2023-11-18 08:27:06,374 [INFO] IPUIPlugin:80 - create IPUIPlugin
2023-11-18 08:27:06,374 [INFO] IPUIPlugin:80 - create IPUIPlugin
2023-11-18 08:27:06,374 [INFO] IPUIPlugin:80 - create IPUIPlugin
2023-11-18 08:27:06,375 [INFO] IPUIPlugin:80 - create IPUIPlugin
2023-11-18 08:27:06,375 [INFO] IPUIPlugin:80 - create IPUIPlugin
2023-11-18 08:27:06,375 [INFO] IPUIPlugin:80 - create IPUIPlugin
2023-11-18 08:27:06,375 [INFO] IPUIPlugin:80 - create IPUIPlugin
2023-11-18 08:27:06,375 [INFO] IPUIPlugin:80 - create IPUIPlugin
2023-11-18 08:27:06,375 [INFO] IPUIPlugin:80 - create IPUIPlugin
2023-11-18 08:27:06,376 [INFO] IPUIPlugin:80 - create IPUIPlugin
2023-11-18 08:27:06,376 [INFO] IPUIPlugin:80 - create IPUIPlugin
2023-11-18 08:27:06,376 [INFO] IPUIPlugin:80 - create IPUIPlugin
2023-11-18 08:27:06,377 [INFO] IPUIPlugin:80 - create IPUIPlugin
2023-11-18 08:27:06,377 [INFO] IPUIPlugin:80 - create IPUIPlugin
2023-11-18 08:27:06,377 [INFO] IPUIPlugin:80 - create IPUIPlugin
2023-11-18 08:27:06,377 [INFO] IPUIPlugin:80 - create IPUIPlugin
2023-11-18 08:27:06,377 [INFO] IPUIPlugin:80 - create IPUIPlugin
2023-11-18 08:27:06,377 [INFO] IPUIPlugin:80 - create IPUIPlugin
2023-11-18 08:27:06,378 [INFO] IPUIPlugin:80 - create IPUIPlugin
2023-11-18 08:27:06,378 [INFO] IPUIPlugin:80 - create IPUIPlugin
2023-11-18 08:27:06,378 [INFO] IPUIPlugin:80 - create IPUIPlugin
2023-11-18 08:27:06,378 [INFO] IPUIPlugin:80 - create IPUIPlugin
2023-11-18 08:27:06,379 [INFO] IPUIPlugin:80 - create IPUIPlugin
2023-11-18 08:27:06,379 [INFO] IPUIPlugin:80 - create IPUIPlugin
2023-11-18 08:27:06,379 [INFO] IPUIPlugin:80 - create IPUIPlugin
2023-11-18 08:27:06,642 [INFO] CADModel:165 - CPN selected for project levelSTM32F103C8T6
2023-11-18 08:27:06,642 [INFO] CADModel:114 - Register for checkConnection events
2023-11-18 08:27:06,696 [INFO] OpenFileManager:328 - Restore cursor
2023-11-18 08:27:08,223 [INFO] UtilMem:75 - End SaveConfig() Used Memory: 529971200 Bytes (677380096)
2023-11-18 08:27:08,287 [INFO] UtilMem:75 - End SaveConfig() Used Memory: 542027776 Bytes (677380096)
2023-11-18 08:27:08,912 [INFO] BlockDiagram:2759 - set Specific Code input for plugin: NVIC
2023-11-18 08:27:08,912 [INFO] BlockDiagram:2759 - set Specific Code input for plugin: RCC
2023-11-18 08:27:08,914 [INFO] CodeGenerator:793 - code generatio: config db path: C:\ST\STM32CubeIDE_1.12.0\STM32CubeIDE\plugins\com.st.stm32cube.common.mx_6.8.0.202302231600\\db\
2023-11-18 08:27:09,665 [INFO] CodeEngine:255 - oldGeneratedFile, D:\CE437\Lab\Lab2\Lab2\MXTmpFiles\license.tmp_save
2023-11-18 08:27:10,225 [INFO] CodeEngine:279 - Generated code: D:\CE437\Lab\Lab2\Lab2\MXTmpFiles\license.tmp
2023-11-18 08:27:10,261 [INFO] CodeEngine:255 - oldGeneratedFile, D:\CE437\Lab\Lab2\Lab2\Core\Src\stm32f1xx_it.c_save
2023-11-18 08:27:10,530 [INFO] CodeEngine:279 - Generated code: D:\CE437\Lab\Lab2\Lab2\Core\Src\stm32f1xx_it.c
2023-11-18 08:27:10,546 [INFO] CodeEngine:255 - oldGeneratedFile, D:\CE437\Lab\Lab2\Lab2\Core\Inc\stm32f1xx_it.h_save
2023-11-18 08:27:10,735 [INFO] CodeEngine:279 - Generated code: D:\CE437\Lab\Lab2\Lab2\Core\Inc\stm32f1xx_it.h
2023-11-18 08:27:10,895 [INFO] CodeEngine:255 - oldGeneratedFile, D:\CE437\Lab\Lab2\Lab2\Core\Src\stm32f1xx_hal_msp.c_save
2023-11-18 08:27:11,140 [INFO] CodeEngine:279 - Generated code: D:\CE437\Lab\Lab2\Lab2\Core\Src\stm32f1xx_hal_msp.c
2023-11-18 08:27:11,163 [INFO] CodeEngine:255 - oldGeneratedFile, D:\CE437\Lab\Lab2\Lab2\MXTmpFiles\system.tmp_save
2023-11-18 08:27:11,311 [INFO] CodeEngine:279 - Generated code: D:\CE437\Lab\Lab2\Lab2\MXTmpFiles\system.tmp
2023-11-18 08:27:11,329 [INFO] CodeEngine:311 - oldGeneratedFile, D:\CE437\Lab\Lab2\Lab2\Core\Inc\stm32f1xx_hal_conf.h_save
2023-11-18 08:27:11,544 [INFO] CodeEngine:335 - Generated code: D:\CE437\Lab\Lab2\Lab2\Core\Inc\stm32f1xx_hal_conf.h
2023-11-18 08:27:11,624 [INFO] CodeEngine:255 - oldGeneratedFile, D:\CE437\Lab\Lab2\Lab2\Core\Inc\main.h_save
2023-11-18 08:27:11,871 [INFO] CodeEngine:279 - Generated code: D:\CE437\Lab\Lab2\Lab2\Core\Inc\main.h
2023-11-18 08:27:11,894 [INFO] CodeEngine:255 - oldGeneratedFile, D:\CE437\Lab\Lab2\Lab2\Core\Src\main.c_save
2023-11-18 08:27:12,147 [INFO] CodeEngine:279 - Generated code: D:\CE437\Lab\Lab2\Lab2\Core\Src\main.c
2023-11-18 08:27:13,167 [INFO] ProjectBuilder:2996 - Time for Copy HAL[1] : 183mS.
2023-11-18 08:27:13,184 [INFO] ProjectBuilder:4304 - Project Generator version: 3.19.2
2023-11-18 08:27:14,368 [INFO] ConfigFileManager:1483 - The Die is : DIE410
2023-11-18 08:27:14,411 [INFO] ApiDbMcu:507 - Load IP Config File for FATFS
2023-11-18 08:27:14,453 [INFO] ApiDbMcu:507 - Load IP Config File for FREERTOS
2023-11-18 08:27:14,494 [INFO] ApiDbMcu:507 - Load IP Config File for USB_DEVICE
2023-11-18 08:27:16,566 [INFO] LogOutputStream:77 - [STDOUT_REDIRECT] 
2023-11-18 08:27:22,492 [INFO] ProjectBuilder:4505 - Time for Generating toolchain IDE Files: 9306mS.
2023-11-18 08:27:22,496 [INFO] ProjectBuilder:2867 - Time for Copy CMSIS : 1mS.
2023-11-18 08:27:22,499 [INFO] ProjectBuilder:2867 - Time for Copy CMSIS : 0mS.
2023-11-18 08:27:24,129 [INFO] McuFinderGlobals:66 - Set McuFinderConnectedMode to true
2023-11-18 08:27:24,131 [INFO] ApiDb:448 - Save user favorites file C:\Users\Asus/.stm32cubeide/favorites.mcus.txt: 0 item(s)
2023-11-18 08:27:24,132 [INFO] ApiDb:452 - User favorites MCUs=[]
2023-11-18 08:30:19,043 [INFO] ParamManager:886 - [Generic UI] PropertyChangeEvent: TAB_STATUS_CHANGED , "dont care", "never mind"
2023-11-18 08:30:19,069 [INFO] ParamManager:886 - [Generic UI] PropertyChangeEvent: TAB_STATUS_CHANGED , "dont care", "never mind"
2023-11-18 08:30:19,081 [INFO] ADCParametersView:116 -                Rank 1 : false
2023-11-18 08:30:19,172 [INFO] ADCParametersView:116 -                Rank 1 : false
2023-11-18 08:30:19,172 [INFO] ADCParametersView:116 -                Rank 1 : false
2023-11-18 08:30:19,172 [INFO] ADCParametersView:116 -                Rank 1 : false
2023-11-18 08:30:19,172 [INFO] ADCParametersView:116 -                Rank 1 : false
2023-11-18 08:30:19,172 [INFO] ADCParametersView:116 -                Rank 1 : false
2023-11-18 08:30:19,172 [INFO] ADCParametersView:116 -                Rank 1 : false
2023-11-18 08:30:19,173 [INFO] ADCParametersView:116 -                Rank 1 : false
2023-11-18 08:30:19,173 [INFO] ADCParametersView:116 -                Rank 1 : false
2023-11-18 08:30:19,173 [INFO] ADCParametersView:116 -                Rank 1 : false
2023-11-18 08:30:19,173 [INFO] ADCParametersView:116 -                Rank 1 : false
2023-11-18 08:30:19,184 [INFO] ADCParametersView:116 -                Rank 1 : false
2023-11-18 08:30:19,286 [INFO] NvicIntPanel:101 - NVIC parent = com.st.microxplorer.plugins.ip.nvic.MultiNvicIntPanel[,0,0,0x0,invalid,layout=javax.swing.BoxLayout,alignmentX=0.0,alignmentY=0.0,border=,flags=9,maximumSize=,minimumSize=,preferredSize=]
2023-11-18 08:30:19,379 [INFO] NvicIntPanel:101 - NVIC parent = com.st.microxplorer.plugins.ip.nvic.MultiNvicIntPanel[,0,0,0x0,invalid,layout=javax.swing.BoxLayout,alignmentX=0.0,alignmentY=0.0,border=,flags=9,maximumSize=,minimumSize=,preferredSize=]
2023-11-18 08:30:19,438 [INFO] ADCParametersView:116 -                Rank 1 : false
2023-11-18 08:30:19,438 [INFO] ADCParametersView:116 -                Rank 1 : false
2023-11-18 08:30:19,439 [INFO] ADCParametersView:116 -                Rank 1 : false
2023-11-18 08:30:19,439 [INFO] ADCParametersView:116 -                Rank 1 : false
2023-11-18 08:30:19,439 [INFO] ADCParametersView:116 -                Rank 1 : false
2023-11-18 08:30:19,440 [INFO] ADCParametersView:116 -                Rank 1 : false
2023-11-18 08:30:19,440 [INFO] ADCParametersView:116 -                Rank 1 : false
2023-11-18 08:30:19,440 [INFO] ADCParametersView:116 -                Rank 1 : false
2023-11-18 08:30:19,440 [INFO] ADCParametersView:116 -                Rank 1 : false
2023-11-18 08:30:19,440 [INFO] ADCParametersView:116 -                Rank 1 : false
2023-11-18 08:30:19,452 [INFO] ADCParametersView:116 -                Rank 1 : false
2023-11-18 08:30:19,475 [INFO] ADCParametersView:116 -                Rank 1 : false
2023-11-18 08:30:19,475 [INFO] ADCParametersView:116 -                Rank 1 : false
2023-11-18 08:30:19,475 [INFO] ADCParametersView:116 -                Rank 1 : false
2023-11-18 08:30:19,475 [INFO] ADCParametersView:116 -                Rank 1 : false
2023-11-18 08:30:19,476 [INFO] ADCParametersView:116 -                Rank 1 : false
2023-11-18 08:30:19,476 [INFO] ADCParametersView:116 -                Rank 1 : false
2023-11-18 08:30:19,476 [INFO] ADCParametersView:116 -                Rank 1 : false
2023-11-18 08:30:19,476 [INFO] ADCParametersView:116 -                Rank 1 : false
2023-11-18 08:30:19,476 [INFO] ADCParametersView:116 -                Rank 1 : false
2023-11-18 08:30:19,477 [INFO] ADCParametersView:116 -                Rank 1 : false
2023-11-18 08:30:19,485 [INFO] ADCParametersView:116 -                Rank 1 : false
2023-11-18 08:30:52,280 [INFO] Gpio:273 - dependency for GPIO [ADC1, RCC]
2023-11-18 08:31:22,765 [INFO] Gpio:273 - dependency for GPIO [ADC1, RCC]
2023-11-18 08:31:22,789 [INFO] ADCParametersView:116 -                Rank 1 : false
2023-11-18 08:31:22,792 [INFO] ADCParametersView:116 -                Rank 1 : false
2023-11-18 08:31:22,792 [INFO] ADCParametersView:116 -                Rank 1 : false
2023-11-18 08:31:22,793 [INFO] ADCParametersView:116 -                Rank 1 : false
2023-11-18 08:31:22,793 [INFO] ADCParametersView:116 -                Rank 1 : false
2023-11-18 08:31:22,793 [INFO] ADCParametersView:116 -                Rank 1 : false
2023-11-18 08:31:22,793 [INFO] ADCParametersView:116 -                Rank 1 : false
2023-11-18 08:31:22,793 [INFO] ADCParametersView:116 -                Rank 1 : false
2023-11-18 08:31:22,793 [INFO] ADCParametersView:116 -                Rank 1 : false
2023-11-18 08:31:22,793 [INFO] ADCParametersView:116 -                Rank 1 : false
2023-11-18 08:31:22,801 [INFO] ADCParametersView:116 -                Rank 1 : false
2023-11-18 08:31:22,828 [INFO] ADCParametersView:116 -                Rank 1 : false
2023-11-18 08:31:22,829 [INFO] ADCParametersView:116 -                Rank 1 : false
2023-11-18 08:31:22,830 [INFO] ADCParametersView:116 -                Rank 1 : false
2023-11-18 08:31:22,830 [INFO] ADCParametersView:116 -                Rank 1 : false
2023-11-18 08:31:22,830 [INFO] ADCParametersView:116 -                Rank 1 : false
2023-11-18 08:31:22,830 [INFO] ADCParametersView:116 -                Rank 1 : false
2023-11-18 08:31:22,830 [INFO] ADCParametersView:116 -                Rank 1 : false
2023-11-18 08:31:22,830 [INFO] ADCParametersView:116 -                Rank 1 : false
2023-11-18 08:31:22,830 [INFO] ADCParametersView:116 -                Rank 1 : false
2023-11-18 08:31:22,830 [INFO] ADCParametersView:116 -                Rank 1 : false
2023-11-18 08:31:22,840 [INFO] ADCParametersView:116 -                Rank 1 : false
2023-11-18 08:39:15,475 [WARN] IP:2113 - I2C_Coeff_DF not found: check if there is a RefParameter without a condition.
2023-11-18 08:39:15,475 [WARN] IP:2113 - Analog_Filter not found: check if there is a RefParameter without a condition.
2023-11-18 08:39:15,493 [WARN] IP:2113 - I2C_Coeff_DF not found: check if there is a RefParameter without a condition.
2023-11-18 08:39:15,493 [WARN] IP:2113 - Analog_Filter not found: check if there is a RefParameter without a condition.
2023-11-18 08:39:15,494 [WARN] IP:2113 - I2C_Coeff_DF not found: check if there is a RefParameter without a condition.
2023-11-18 08:39:15,495 [WARN] IP:2113 - Analog_Filter not found: check if there is a RefParameter without a condition.
2023-11-18 08:39:15,566 [WARN] IP:2113 - I2C_Coeff_DF not found: check if there is a RefParameter without a condition.
2023-11-18 08:39:15,566 [WARN] IP:2113 - Analog_Filter not found: check if there is a RefParameter without a condition.
2023-11-18 08:39:15,568 [WARN] IP:2113 - I2C_Coeff_DF not found: check if there is a RefParameter without a condition.
2023-11-18 08:39:15,568 [WARN] IP:2113 - Analog_Filter not found: check if there is a RefParameter without a condition.
2023-11-18 08:41:05,217 [INFO] ADCParametersView:116 -                Rank 1 : false
2023-11-18 08:41:05,218 [INFO] ADCParametersView:116 -                Rank 1 : false
2023-11-18 08:41:05,218 [INFO] ADCParametersView:116 -                Rank 1 : false
2023-11-18 08:41:05,218 [INFO] ADCParametersView:116 -                Rank 1 : false
2023-11-18 08:41:05,219 [INFO] ADCParametersView:116 -                Rank 1 : false
2023-11-18 08:41:05,219 [INFO] ADCParametersView:116 -                Rank 1 : false
2023-11-18 08:41:05,219 [INFO] ADCParametersView:116 -                Rank 1 : false
2023-11-18 08:41:05,219 [INFO] ADCParametersView:116 -                Rank 1 : false
2023-11-18 08:41:05,219 [INFO] ADCParametersView:116 -                Rank 1 : false
2023-11-18 08:41:05,219 [INFO] ADCParametersView:116 -                Rank 1 : false
2023-11-18 08:41:05,227 [INFO] ADCParametersView:116 -                Rank 1 : false
2023-11-18 08:41:05,248 [INFO] ADCParametersView:116 -                Rank 1 : false
2023-11-18 08:41:05,249 [INFO] ADCParametersView:116 -                Rank 1 : false
2023-11-18 08:41:05,250 [INFO] ADCParametersView:116 -                Rank 1 : false
2023-11-18 08:41:05,250 [INFO] ADCParametersView:116 -                Rank 1 : false
2023-11-18 08:41:05,250 [INFO] ADCParametersView:116 -                Rank 1 : false
2023-11-18 08:41:05,250 [INFO] ADCParametersView:116 -                Rank 1 : false
2023-11-18 08:41:05,250 [INFO] ADCParametersView:116 -                Rank 1 : false
2023-11-18 08:41:05,250 [INFO] ADCParametersView:116 -                Rank 1 : false
2023-11-18 08:41:05,250 [INFO] ADCParametersView:116 -                Rank 1 : false
2023-11-18 08:41:05,250 [INFO] ADCParametersView:116 -                Rank 1 : false
2023-11-18 08:41:05,255 [INFO] ADCParametersView:116 -                Rank 1 : false
2023-11-18 08:42:29,370 [WARN] IP:2113 - I2C_Coeff_DF not found: check if there is a RefParameter without a condition.
2023-11-18 08:42:29,371 [WARN] IP:2113 - Analog_Filter not found: check if there is a RefParameter without a condition.
2023-11-18 08:42:29,372 [WARN] IP:2113 - I2C_Coeff_DF not found: check if there is a RefParameter without a condition.
2023-11-18 08:42:29,372 [WARN] IP:2113 - Analog_Filter not found: check if there is a RefParameter without a condition.
2023-11-18 08:42:31,074 [INFO] ADCParametersView:116 -                Rank 1 : false
2023-11-18 08:42:31,075 [INFO] ADCParametersView:116 -                Rank 1 : false
2023-11-18 08:42:31,076 [INFO] ADCParametersView:116 -                Rank 1 : false
2023-11-18 08:42:31,076 [INFO] ADCParametersView:116 -                Rank 1 : false
2023-11-18 08:42:31,076 [INFO] ADCParametersView:116 -                Rank 1 : false
2023-11-18 08:42:31,076 [INFO] ADCParametersView:116 -                Rank 1 : false
2023-11-18 08:42:31,076 [INFO] ADCParametersView:116 -                Rank 1 : false
2023-11-18 08:42:31,076 [INFO] ADCParametersView:116 -                Rank 1 : false
2023-11-18 08:42:31,076 [INFO] ADCParametersView:116 -                Rank 1 : false
2023-11-18 08:42:31,076 [INFO] ADCParametersView:116 -                Rank 1 : false
2023-11-18 08:42:31,224 [INFO] ADCParametersView:116 -                Rank 1 : false
2023-11-18 08:42:31,607 [INFO] ADCParametersView:116 -                Rank 1 : false
2023-11-18 08:42:31,625 [INFO] ADCParametersView:116 -                Rank 1 : false
2023-11-18 08:42:31,626 [INFO] ADCParametersView:116 -                Rank 1 : false
2023-11-18 08:42:31,626 [INFO] ADCParametersView:116 -                Rank 1 : false
2023-11-18 08:42:31,626 [INFO] ADCParametersView:116 -                Rank 1 : false
2023-11-18 08:42:31,626 [INFO] ADCParametersView:116 -                Rank 1 : false
2023-11-18 08:42:31,626 [INFO] ADCParametersView:116 -                Rank 1 : false
2023-11-18 08:42:31,627 [INFO] ADCParametersView:116 -                Rank 1 : false
2023-11-18 08:42:31,627 [INFO] ADCParametersView:116 -                Rank 1 : false
2023-11-18 08:42:31,627 [INFO] ADCParametersView:116 -                Rank 1 : false
2023-11-18 08:42:31,665 [INFO] ADCParametersView:116 -                Rank 1 : false
2023-11-18 08:42:31,862 [WARN] IP:2113 - I2C_Coeff_DF not found: check if there is a RefParameter without a condition.
2023-11-18 08:42:31,862 [WARN] IP:2113 - Analog_Filter not found: check if there is a RefParameter without a condition.
2023-11-18 08:42:31,864 [WARN] IP:2113 - I2C_Coeff_DF not found: check if there is a RefParameter without a condition.
2023-11-18 08:42:31,864 [WARN] IP:2113 - Analog_Filter not found: check if there is a RefParameter without a condition.
2023-11-18 08:42:31,890 [INFO] ADCParametersView:116 -                Rank 1 : false
2023-11-18 08:42:31,901 [INFO] ADCParametersView:116 -                Rank 1 : false
2023-11-18 08:42:31,902 [INFO] ADCParametersView:116 -                Rank 1 : false
2023-11-18 08:42:31,902 [INFO] ADCParametersView:116 -                Rank 1 : false
2023-11-18 08:42:31,902 [INFO] ADCParametersView:116 -                Rank 1 : false
2023-11-18 08:42:31,902 [INFO] ADCParametersView:116 -                Rank 1 : false
2023-11-18 08:42:31,902 [INFO] ADCParametersView:116 -                Rank 1 : false
2023-11-18 08:42:31,902 [INFO] ADCParametersView:116 -                Rank 1 : false
2023-11-18 08:42:31,902 [INFO] ADCParametersView:116 -                Rank 1 : false
2023-11-18 08:42:31,903 [INFO] ADCParametersView:116 -                Rank 1 : false
2023-11-18 08:42:31,910 [INFO] ADCParametersView:116 -                Rank 1 : false
2023-11-18 08:42:31,934 [INFO] ADCParametersView:116 -                Rank 1 : false
2023-11-18 08:42:31,935 [INFO] ADCParametersView:116 -                Rank 1 : false
2023-11-18 08:42:31,935 [INFO] ADCParametersView:116 -                Rank 1 : false
2023-11-18 08:42:31,935 [INFO] ADCParametersView:116 -                Rank 1 : false
2023-11-18 08:42:31,936 [INFO] ADCParametersView:116 -                Rank 1 : false
2023-11-18 08:42:31,936 [INFO] ADCParametersView:116 -                Rank 1 : false
2023-11-18 08:42:31,936 [INFO] ADCParametersView:116 -                Rank 1 : false
2023-11-18 08:42:31,936 [INFO] ADCParametersView:116 -                Rank 1 : false
2023-11-18 08:42:31,936 [INFO] ADCParametersView:116 -                Rank 1 : false
2023-11-18 08:42:31,936 [INFO] ADCParametersView:116 -                Rank 1 : false
2023-11-18 08:42:31,941 [INFO] ADCParametersView:116 -                Rank 1 : false
2023-11-18 08:42:35,744 [WARN] IP:2113 - I2C_Coeff_DF not found: check if there is a RefParameter without a condition.
2023-11-18 08:42:35,744 [WARN] IP:2113 - Analog_Filter not found: check if there is a RefParameter without a condition.
2023-11-18 08:42:35,746 [WARN] IP:2113 - I2C_Coeff_DF not found: check if there is a RefParameter without a condition.
2023-11-18 08:42:35,747 [WARN] IP:2113 - Analog_Filter not found: check if there is a RefParameter without a condition.
2023-11-18 08:42:35,773 [INFO] ADCParametersView:116 -                Rank 1 : false
2023-11-18 08:42:35,775 [INFO] ADCParametersView:116 -                Rank 1 : false
2023-11-18 08:42:35,775 [INFO] ADCParametersView:116 -                Rank 1 : false
2023-11-18 08:42:35,775 [INFO] ADCParametersView:116 -                Rank 1 : false
2023-11-18 08:42:35,775 [INFO] ADCParametersView:116 -                Rank 1 : false
2023-11-18 08:42:35,775 [INFO] ADCParametersView:116 -                Rank 1 : false
2023-11-18 08:42:35,775 [INFO] ADCParametersView:116 -                Rank 1 : false
2023-11-18 08:42:35,775 [INFO] ADCParametersView:116 -                Rank 1 : false
2023-11-18 08:42:35,775 [INFO] ADCParametersView:116 -                Rank 1 : false
2023-11-18 08:42:35,775 [INFO] ADCParametersView:116 -                Rank 1 : false
2023-11-18 08:42:35,784 [INFO] ADCParametersView:116 -                Rank 1 : false
2023-11-18 08:42:35,819 [INFO] ADCParametersView:116 -                Rank 1 : false
2023-11-18 08:42:35,820 [INFO] ADCParametersView:116 -                Rank 1 : false
2023-11-18 08:42:35,820 [INFO] ADCParametersView:116 -                Rank 1 : false
2023-11-18 08:42:35,820 [INFO] ADCParametersView:116 -                Rank 1 : false
2023-11-18 08:42:35,820 [INFO] ADCParametersView:116 -                Rank 1 : false
2023-11-18 08:42:35,820 [INFO] ADCParametersView:116 -                Rank 1 : false
2023-11-18 08:42:35,820 [INFO] ADCParametersView:116 -                Rank 1 : false
2023-11-18 08:42:35,821 [INFO] ADCParametersView:116 -                Rank 1 : false
2023-11-18 08:42:35,821 [INFO] ADCParametersView:116 -                Rank 1 : false
2023-11-18 08:42:35,821 [INFO] ADCParametersView:116 -                Rank 1 : false
2023-11-18 08:42:35,839 [INFO] ADCParametersView:116 -                Rank 1 : false
2023-11-18 08:43:49,128 [INFO] UtilMem:75 - End SaveConfig() Used Memory: 669463440 Bytes (1073741824)
2023-11-18 08:43:50,488 [INFO] UtilMem:75 - End SaveConfig() Used Memory: 513698048 Bytes (1073741824)
2023-11-18 08:43:53,105 [INFO] UtilMem:75 - End SaveConfig() Used Memory: 645562952 Bytes (1073741824)
2023-11-18 08:43:53,679 [INFO] BlockDiagram:2759 - set Specific Code input for plugin: NVIC
2023-11-18 08:43:53,679 [INFO] BlockDiagram:2759 - set Specific Code input for plugin: USART
2023-11-18 08:43:53,679 [INFO] BlockDiagram:2759 - set Specific Code input for plugin: GPIO
2023-11-18 08:43:53,680 [INFO] BlockDiagram:2759 - set Specific Code input for plugin: ADC
2023-11-18 08:43:53,680 [INFO] BlockDiagram:2759 - set Specific Code input for plugin: RCC
2023-11-18 08:43:53,680 [INFO] BlockDiagram:2759 - set Specific Code input for plugin: I2C
2023-11-18 08:43:53,681 [INFO] CodeGenerator:793 - code generatio: config db path: C:\ST\STM32CubeIDE_1.12.0\STM32CubeIDE\plugins\com.st.stm32cube.common.mx_6.8.0.202302231600\\db\
2023-11-18 08:43:53,689 [WARN] IP:2113 - I2C_Coeff_DF not found: check if there is a RefParameter without a condition.
2023-11-18 08:43:53,689 [WARN] IP:2113 - Analog_Filter not found: check if there is a RefParameter without a condition.
2023-11-18 08:43:53,889 [INFO] CodeEngine:255 - oldGeneratedFile, D:\CE437\Lab\Lab2\Lab2\MXTmpFiles\license.tmp_save
2023-11-18 08:43:54,154 [INFO] CodeEngine:279 - Generated code: D:\CE437\Lab\Lab2\Lab2\MXTmpFiles\license.tmp
2023-11-18 08:43:54,264 [INFO] CodeEngine:255 - oldGeneratedFile, D:\CE437\Lab\Lab2\Lab2\MXTmpFiles\gpio.tmp_save
2023-11-18 08:43:54,496 [INFO] CodeEngine:279 - Generated code: D:\CE437\Lab\Lab2\Lab2\MXTmpFiles\gpio.tmp
2023-11-18 08:43:54,711 [INFO] CodeEngine:255 - oldGeneratedFile, D:\CE437\Lab\Lab2\Lab2\Core\Src\stm32f1xx_it.c_save
2023-11-18 08:43:55,066 [INFO] CodeEngine:279 - Generated code: D:\CE437\Lab\Lab2\Lab2\Core\Src\stm32f1xx_it.c
2023-11-18 08:43:55,083 [INFO] CodeEngine:255 - oldGeneratedFile, D:\CE437\Lab\Lab2\Lab2\Core\Inc\stm32f1xx_it.h_save
2023-11-18 08:43:55,181 [INFO] CodeEngine:279 - Generated code: D:\CE437\Lab\Lab2\Lab2\Core\Inc\stm32f1xx_it.h
2023-11-18 08:43:55,238 [INFO] CodeEngine:255 - oldGeneratedFile, D:\CE437\Lab\Lab2\Lab2\Core\Src\stm32f1xx_hal_msp.c_save
2023-11-18 08:43:55,496 [INFO] CodeEngine:279 - Generated code: D:\CE437\Lab\Lab2\Lab2\Core\Src\stm32f1xx_hal_msp.c
2023-11-18 08:43:55,505 [INFO] CodeEngine:255 - oldGeneratedFile, D:\CE437\Lab\Lab2\Lab2\MXTmpFiles\system.tmp_save
2023-11-18 08:43:55,615 [INFO] CodeEngine:279 - Generated code: D:\CE437\Lab\Lab2\Lab2\MXTmpFiles\system.tmp
2023-11-18 08:43:55,656 [INFO] CodeEngine:311 - oldGeneratedFile, D:\CE437\Lab\Lab2\Lab2\Core\Inc\stm32f1xx_hal_conf.h_save
2023-11-18 08:43:55,876 [INFO] CodeEngine:335 - Generated code: D:\CE437\Lab\Lab2\Lab2\Core\Inc\stm32f1xx_hal_conf.h
2023-11-18 08:43:55,972 [INFO] CodeEngine:255 - oldGeneratedFile, D:\CE437\Lab\Lab2\Lab2\Core\Inc\main.h_save
2023-11-18 08:43:56,196 [INFO] CodeEngine:279 - Generated code: D:\CE437\Lab\Lab2\Lab2\Core\Inc\main.h
2023-11-18 08:43:56,224 [INFO] CodeEngine:255 - oldGeneratedFile, D:\CE437\Lab\Lab2\Lab2\Core\Src\main.c_save
2023-11-18 08:43:56,439 [INFO] CodeEngine:279 - Generated code: D:\CE437\Lab\Lab2\Lab2\Core\Src\main.c
2023-11-18 08:43:57,278 [INFO] ProjectBuilder:2996 - Time for Copy HAL[1] : 173mS.
2023-11-18 08:43:57,281 [INFO] ProjectBuilder:4304 - Project Generator version: 3.19.2
2023-11-18 08:43:57,529 [INFO] ConfigFileManager:1483 - The Die is : DIE410
2023-11-18 08:44:00,312 [INFO] ProjectBuilder:4505 - Time for Generating toolchain IDE Files: 3031mS.
2023-11-18 08:44:00,313 [INFO] ProjectBuilder:2867 - Time for Copy CMSIS : 1mS.
2023-11-18 08:44:00,315 [INFO] ProjectBuilder:2867 - Time for Copy CMSIS : 0mS.
2023-11-18 09:16:22,013 [ERROR] LogOutputStream:75 - [STDERR_REDIRECT] Warning: NLS missing message: ExternalToolsPreferencePage_External_tool_project_builders_migration_2 in: org.eclipse.ui.externaltools.internal.ui.ExternalToolsUIMessages
2023-11-18 09:16:22,016 [ERROR] LogOutputStream:75 - [STDERR_REDIRECT] Warning: NLS missing message: ExternalToolsPreferencePage_Prompt_before_migrating_3 in: org.eclipse.ui.externaltools.internal.ui.ExternalToolsUIMessages
2023-11-18 09:16:22,018 [ERROR] LogOutputStream:75 - [STDERR_REDIRECT] Warning: NLS missing message: ExternalToolsPreferencePage_1 in: org.eclipse.ui.externaltools.internal.ui.ExternalToolsUIMessages
2023-11-18 09:16:49,865 [ERROR] ConfigurationRetriever:142 - IOException on connection: sw-center.st.com
2023-11-18 09:16:49,866 [ERROR] ConfigurationRetriever:142 - IOException on connection: sw-center.st.com
2023-11-18 09:16:49,866 [ERROR] ConfigurationRetriever:142 - IOException on connection: sw-center.st.com
2023-11-18 09:28:20,841 [ERROR] ConfigurationRetriever:142 - IOException on connection: sw-center.st.com
2023-11-18 09:28:20,842 [ERROR] ConfigurationRetriever:142 - IOException on connection: sw-center.st.com
2023-11-18 09:28:20,843 [ERROR] ConfigurationRetriever:142 - IOException on connection: sw-center.st.com
2023-11-18 09:39:56,053 [ERROR] ConfigurationRetriever:142 - IOException on connection: sw-center.st.com
2023-11-18 09:39:56,054 [ERROR] ConfigurationRetriever:142 - IOException on connection: sw-center.st.com
2023-11-18 09:39:56,054 [ERROR] ConfigurationRetriever:142 - IOException on connection: sw-center.st.com
